2017-11-14 08:31:52.349  INFO 668 --- [main] c.a.dubbo.common.logger.LoggerFactory    : using logger: com.alibaba.dubbo.common.logger.log4j.Log4jLoggerAdapter
2017-11-14 08:31:52.384  INFO 668 --- [main] c.g.order.service.OrderServiceImplTest   : Starting OrderServiceImplTest on MacBook-Pro.local with PID 668 (started by chibozhou in /Users/chibozhou/IdeaProjects/Gaoxi/Gaoxi-Order)
2017-11-14 08:31:52.385  INFO 668 --- [main] c.g.order.service.OrderServiceImplTest   : The following profiles are active: dev
2017-11-14 08:31:52.677  INFO 668 --- [main] o.s.w.c.s.GenericWebApplicationContext   : Refreshing org.springframework.web.context.support.GenericWebApplicationContext@29e495ff: startup date [Tue Nov 14 08:31:52 CST 2017]; root of context hierarchy
2017-11-14 08:31:56.820  INFO 668 --- [main] trationDelegate$BeanPostProcessorChecker : Bean 'org.springframework.transaction.annotation.ProxyTransactionManagementConfiguration' of type [org.springframework.transaction.annotation.ProxyTransactionManagementConfiguration$$EnhancerBySpringCGLIB$$ad73489f] is not eligible for getting processed by all BeanPostProcessors (for example: not eligible for auto-proxying)
2017-11-14 08:31:56.893  INFO 668 --- [main] trationDelegate$BeanPostProcessorChecker : Bean 'gaoxiOrderApplication' of type [com.gaoxi.order.GaoxiOrderApplication$$EnhancerBySpringCGLIB$$9a5097d7] is not eligible for getting processed by all BeanPostProcessors (for example: not eligible for auto-proxying)
2017-11-14 08:31:57.329  INFO 668 --- [main] trationDelegate$BeanPostProcessorChecker : Bean 'mybatis-org.mybatis.spring.boot.autoconfigure.MybatisProperties' of type [org.mybatis.spring.boot.autoconfigure.MybatisProperties] is not eligible for getting processed by all BeanPostProcessors (for example: not eligible for auto-proxying)
2017-11-14 08:31:57.345  INFO 668 --- [main] trationDelegate$BeanPostProcessorChecker : Bean 'org.mybatis.spring.boot.autoconfigure.MybatisAutoConfiguration' of type [org.mybatis.spring.boot.autoconfigure.MybatisAutoConfiguration$$EnhancerBySpringCGLIB$$e04799cf] is not eligible for getting processed by all BeanPostProcessors (for example: not eligible for auto-proxying)
2017-11-14 08:31:57.357  INFO 668 --- [main] trationDelegate$BeanPostProcessorChecker : Bean 'org.springframework.boot.autoconfigure.jdbc.DataSourceConfiguration$Tomcat' of type [org.springframework.boot.autoconfigure.jdbc.DataSourceConfiguration$Tomcat] is not eligible for getting processed by all BeanPostProcessors (for example: not eligible for auto-proxying)
2017-11-14 08:31:57.434  INFO 668 --- [main] trationDelegate$BeanPostProcessorChecker : Bean 'spring.datasource-org.springframework.boot.autoconfigure.jdbc.DataSourceProperties' of type [org.springframework.boot.autoconfigure.jdbc.DataSourceProperties] is not eligible for getting processed by all BeanPostProcessors (for example: not eligible for auto-proxying)
2017-11-14 08:31:57.812  INFO 668 --- [main] trationDelegate$BeanPostProcessorChecker : Bean 'dataSource' of type [org.apache.tomcat.jdbc.pool.DataSource] is not eligible for getting processed by all BeanPostProcessors (for example: not eligible for auto-proxying)
2017-11-14 08:31:57.827  INFO 668 --- [main] trationDelegate$BeanPostProcessorChecker : Bean 'org.springframework.boot.autoconfigure.jdbc.DataSourceAutoConfiguration' of type [org.springframework.boot.autoconfigure.jdbc.DataSourceAutoConfiguration$$EnhancerBySpringCGLIB$$8f66ebff] is not eligible for getting processed by all BeanPostProcessors (for example: not eligible for auto-proxying)
2017-11-14 08:31:57.857  INFO 668 --- [main] trationDelegate$BeanPostProcessorChecker : Bean 'dataSourceInitializer' of type [org.springframework.boot.autoconfigure.jdbc.DataSourceInitializer] is not eligible for getting processed by all BeanPostProcessors (for example: not eligible for auto-proxying)
2017-11-14 08:31:58.832  INFO 668 --- [main] trationDelegate$BeanPostProcessorChecker : Bean 'sqlSessionFactory' of type [org.apache.ibatis.session.defaults.DefaultSqlSessionFactory] is not eligible for getting processed by all BeanPostProcessors (for example: not eligible for auto-proxying)
2017-11-14 08:31:58.890  INFO 668 --- [main] trationDelegate$BeanPostProcessorChecker : Bean 'sqlSessionTemplate' of type [org.mybatis.spring.SqlSessionTemplate] is not eligible for getting processed by all BeanPostProcessors (for example: not eligible for auto-proxying)
2017-11-14 08:31:58.892  INFO 668 --- [main] trationDelegate$BeanPostProcessorChecker : Bean 'orderDAO' of type [org.mybatis.spring.mapper.MapperFactoryBean] is not eligible for getting processed by all BeanPostProcessors (for example: not eligible for auto-proxying)
2017-11-14 08:31:58.895  INFO 668 --- [main] trationDelegate$BeanPostProcessorChecker : Bean 'orderDAO' of type [com.sun.proxy.$Proxy72] is not eligible for getting processed by all BeanPostProcessors (for example: not eligible for auto-proxying)
2017-11-14 08:31:58.899  INFO 668 --- [main] trationDelegate$BeanPostProcessorChecker : Bean 'buyerReceivingChangeStateComponent' of type [com.gaoxi.order.component.changestate.BuyerReceivingChangeStateComponent] is not eligible for getting processed by all BeanPostProcessors (for example: not eligible for auto-proxying)
2017-11-14 08:31:58.902  INFO 668 --- [main] trationDelegate$BeanPostProcessorChecker : Bean 'cancelChangeStateComponent' of type [com.gaoxi.order.component.changestate.CancelChangeStateComponent] is not eligible for getting processed by all BeanPostProcessors (for example: not eligible for auto-proxying)
2017-11-14 08:31:58.905  INFO 668 --- [main] trationDelegate$BeanPostProcessorChecker : Bean 'finishedChangeStateComponent' of type [com.gaoxi.order.component.changestate.FinishedChangeStateComponent] is not eligible for getting processed by all BeanPostProcessors (for example: not eligible for auto-proxying)
2017-11-14 08:31:58.910  INFO 668 --- [main] trationDelegate$BeanPostProcessorChecker : Bean 'confirmDeliveryCheckParamComponent' of type [com.gaoxi.order.component.checkparam.ConfirmDeliveryCheckParamComponent] is not eligible for getting processed by all BeanPostProcessors (for example: not eligible for auto-proxying)
2017-11-14 08:31:58.913  INFO 668 --- [main] trationDelegate$BeanPostProcessorChecker : Bean 'noPrivateCheckParamComponent' of type [com.gaoxi.order.component.checkparam.NoPrivateCheckParamComponent] is not eligible for getting processed by all BeanPostProcessors (for example: not eligible for auto-proxying)
2017-11-14 08:31:58.916  INFO 668 --- [main] trationDelegate$BeanPostProcessorChecker : Bean 'placeOrderCheckParamComponent' of type [com.gaoxi.order.component.checkparam.PlaceOrderCheckParamComponent] is not eligible for getting processed by all BeanPostProcessors (for example: not eligible for auto-proxying)
2017-11-14 08:31:58.920  INFO 668 --- [main] trationDelegate$BeanPostProcessorChecker : Bean 'commonCheckStockComponent' of type [com.gaoxi.order.component.checkstock.CommonCheckStockComponent] is not eligible for getting processed by all BeanPostProcessors (for example: not eligible for auto-proxying)
2017-11-14 08:31:59.385  INFO 668 --- [main] trationDelegate$BeanPostProcessorChecker : Bean 'spring.dubbo-io.dubbo.springboot.DubboProperties' of type [io.dubbo.springboot.DubboProperties] is not eligible for getting processed by all BeanPostProcessors (for example: not eligible for auto-proxying)
2017-11-14 08:31:59.388  INFO 668 --- [main] trationDelegate$BeanPostProcessorChecker : Bean 'io.dubbo.springboot.DubboAutoConfiguration' of type [io.dubbo.springboot.DubboAutoConfiguration$$EnhancerBySpringCGLIB$$181de8e4] is not eligible for getting processed by all BeanPostProcessors (for example: not eligible for auto-proxying)
2017-11-14 08:31:59.400  INFO 668 --- [main] trationDelegate$BeanPostProcessorChecker : Bean 'requestApplicationConfig' of type [com.alibaba.dubbo.config.ApplicationConfig] is not eligible for getting processed by all BeanPostProcessors (for example: not eligible for auto-proxying)
2017-11-14 08:31:59.406  INFO 668 --- [main] trationDelegate$BeanPostProcessorChecker : Bean 'requestRegistryConfig' of type [com.alibaba.dubbo.config.RegistryConfig] is not eligible for getting processed by all BeanPostProcessors (for example: not eligible for auto-proxying)
2017-11-14 08:31:59.852  INFO 668 --- [main] c.a.dubbo.registry.dubbo.DubboRegistry   :  [DUBBO] Subscribe: consumer://192.168.1.128/com.alibaba.dubbo.registry.RegistryService?application=order-provider&callbacks=10000&connect.timeout=10000&dubbo=2.5.3&interface=com.alibaba.dubbo.registry.RegistryService&lazy=true&methods=lookup,subscribe,unsubscribe,unregister,register&pid=668&reconnect=false&register=false&sticky=true&subscribe.1.callback=true&timeout=10000&timestamp=1510619519502&unsubscribe.1.callback=false, dubbo version: 2.5.3, current host: 192.168.1.128
2017-11-14 08:31:59.871  INFO 668 --- [main] c.a.d.r.p.d.LazyConnectExchangeClient    :  [DUBBO] Lazy connect to dubbo://0.0.0.0:9090/com.alibaba.dubbo.registry.RegistryService?application=order-provider&callbacks=10000&check=false&codec=dubbo&connect.timeout=10000&dubbo=2.5.3&heartbeat=60000&interface=com.alibaba.dubbo.registry.RegistryService&lazy=true&methods=lookup,subscribe,unsubscribe,unregister,register&pid=668&reconnect=false&register=false&send.reconnect=true&sticky=true&subscribe.1.callback=true&timeout=10000&timestamp=1510619519502&unsubscribe.1.callback=false, dubbo version: 2.5.3, current host: 192.168.1.128
2017-11-14 08:32:00.335 ERROR 668 --- [main] c.a.d.remoting.transport.AbstractClient  :  [DUBBO] Failed to start NettyClient MacBook-Pro.local/192.168.1.128 connect to the server /0.0.0.0:9090 (check == false, ignore and retry later!), cause: client(url: dubbo://0.0.0.0:9090/com.alibaba.dubbo.registry.RegistryService?application=order-provider&callbacks=10000&check=false&codec=dubbo&connect.timeout=10000&dubbo=2.5.3&heartbeat=60000&interface=com.alibaba.dubbo.registry.RegistryService&lazy=true&methods=lookup,subscribe,unsubscribe,unregister,register&pid=668&reconnect=false&register=false&send.reconnect=true&sticky=true&subscribe.1.callback=true&timeout=10000&timestamp=1510619519502&unsubscribe.1.callback=false) failed to connect to server /0.0.0.0:9090, error message is:Connection refused, dubbo version: 2.5.3, current host: 192.168.1.128

com.alibaba.dubbo.remoting.RemotingException: client(url: dubbo://0.0.0.0:9090/com.alibaba.dubbo.registry.RegistryService?application=order-provider&callbacks=10000&check=false&codec=dubbo&connect.timeout=10000&dubbo=2.5.3&heartbeat=60000&interface=com.alibaba.dubbo.registry.RegistryService&lazy=true&methods=lookup,subscribe,unsubscribe,unregister,register&pid=668&reconnect=false&register=false&send.reconnect=true&sticky=true&subscribe.1.callback=true&timeout=10000&timestamp=1510619519502&unsubscribe.1.callback=false) failed to connect to server /0.0.0.0:9090, error message is:Connection refused
	at com.alibaba.dubbo.remoting.transport.netty.NettyClient.doConnect(NettyClient.java:124) [dubbo-2.5.3.jar:2.5.3]
	at com.alibaba.dubbo.remoting.transport.AbstractClient.connect(AbstractClient.java:280) ~[dubbo-2.5.3.jar:2.5.3]
	at com.alibaba.dubbo.remoting.transport.AbstractClient.<init>(AbstractClient.java:103) ~[dubbo-2.5.3.jar:2.5.3]
	at com.alibaba.dubbo.remoting.transport.netty.NettyClient.<init>(NettyClient.java:61) [dubbo-2.5.3.jar:2.5.3]
	at com.alibaba.dubbo.remoting.transport.netty.NettyTransporter.connect(NettyTransporter.java:37) [dubbo-2.5.3.jar:2.5.3]
	at com.alibaba.dubbo.remoting.Transporter$Adpative.connect(Transporter$Adpative.java) [na:2.5.3]
	at com.alibaba.dubbo.remoting.Transporters.connect(Transporters.java:67) [dubbo-2.5.3.jar:2.5.3]
	at com.alibaba.dubbo.remoting.exchange.support.header.HeaderExchanger.connect(HeaderExchanger.java:37) [dubbo-2.5.3.jar:2.5.3]
	at com.alibaba.dubbo.remoting.exchange.Exchangers.connect(Exchangers.java:102) [dubbo-2.5.3.jar:2.5.3]
	at com.alibaba.dubbo.rpc.protocol.dubbo.LazyConnectExchangeClient.initClient(LazyConnectExchangeClient.java:79) [dubbo-2.5.3.jar:2.5.3]
	at com.alibaba.dubbo.rpc.protocol.dubbo.LazyConnectExchangeClient.request(LazyConnectExchangeClient.java:104) [dubbo-2.5.3.jar:2.5.3]
	at com.alibaba.dubbo.rpc.protocol.dubbo.ReferenceCountExchangeClient.request(ReferenceCountExchangeClient.java:81) [dubbo-2.5.3.jar:2.5.3]
	at com.alibaba.dubbo.rpc.protocol.dubbo.DubboInvoker.doInvoke(DubboInvoker.java:96) [dubbo-2.5.3.jar:2.5.3]
	at com.alibaba.dubbo.rpc.protocol.AbstractInvoker.invoke(AbstractInvoker.java:144) [dubbo-2.5.3.jar:2.5.3]
	at com.alibaba.dubbo.monitor.support.MonitorFilter.invoke(MonitorFilter.java:75) [dubbo-2.5.3.jar:2.5.3]
	at com.alibaba.dubbo.rpc.protocol.ProtocolFilterWrapper$1.invoke(ProtocolFilterWrapper.java:91) [dubbo-2.5.3.jar:2.5.3]
	at com.alibaba.dubbo.rpc.protocol.dubbo.filter.FutureFilter.invoke(FutureFilter.java:53) [dubbo-2.5.3.jar:2.5.3]
	at com.alibaba.dubbo.rpc.protocol.ProtocolFilterWrapper$1.invoke(ProtocolFilterWrapper.java:91) [dubbo-2.5.3.jar:2.5.3]
	at com.alibaba.dubbo.rpc.filter.ConsumerContextFilter.invoke(ConsumerContextFilter.java:48) [dubbo-2.5.3.jar:2.5.3]
	at com.alibaba.dubbo.rpc.protocol.ProtocolFilterWrapper$1.invoke(ProtocolFilterWrapper.java:91) [dubbo-2.5.3.jar:2.5.3]
	at com.alibaba.dubbo.rpc.listener.ListenerInvokerWrapper.invoke(ListenerInvokerWrapper.java:74) [dubbo-2.5.3.jar:2.5.3]
	at com.alibaba.dubbo.rpc.protocol.InvokerWrapper.invoke(InvokerWrapper.java:53) [dubbo-2.5.3.jar:2.5.3]
	at com.alibaba.dubbo.rpc.cluster.support.FailoverClusterInvoker.doInvoke(FailoverClusterInvoker.java:77) [dubbo-2.5.3.jar:2.5.3]
	at com.alibaba.dubbo.rpc.cluster.support.AbstractClusterInvoker.invoke(AbstractClusterInvoker.java:227) [dubbo-2.5.3.jar:2.5.3]
	at com.alibaba.dubbo.rpc.cluster.support.wrapper.MockClusterInvoker.invoke(MockClusterInvoker.java:72) [dubbo-2.5.3.jar:2.5.3]
	at com.alibaba.dubbo.rpc.proxy.InvokerInvocationHandler.invoke(InvokerInvocationHandler.java:52) [dubbo-2.5.3.jar:2.5.3]
	at com.alibaba.dubbo.common.bytecode.proxy0.subscribe(proxy0.java) [na:2.5.3]
	at com.alibaba.dubbo.registry.dubbo.DubboRegistry.doSubscribe(DubboRegistry.java:138) [dubbo-2.5.3.jar:2.5.3]
	at com.alibaba.dubbo.registry.support.FailbackRegistry.subscribe(FailbackRegistry.java:189) [dubbo-2.5.3.jar:2.5.3]
	at com.alibaba.dubbo.registry.integration.RegistryDirectory.subscribe(RegistryDirectory.java:133) [dubbo-2.5.3.jar:2.5.3]
	at com.alibaba.dubbo.registry.dubbo.DubboRegistryFactory.createRegistry(DubboRegistryFactory.java:80) [dubbo-2.5.3.jar:2.5.3]
	at com.alibaba.dubbo.registry.support.AbstractRegistryFactory.getRegistry(AbstractRegistryFactory.java:94) [dubbo-2.5.3.jar:2.5.3]
	at com.alibaba.dubbo.registry.RegistryFactory$Adpative.getRegistry(RegistryFactory$Adpative.java) [na:2.5.3]
	at com.alibaba.dubbo.registry.integration.RegistryProtocol.refer(RegistryProtocol.java:240) [dubbo-2.5.3.jar:2.5.3]
	at com.alibaba.dubbo.rpc.protocol.ProtocolFilterWrapper.refer(ProtocolFilterWrapper.java:60) [dubbo-2.5.3.jar:2.5.3]
	at com.alibaba.dubbo.rpc.protocol.ProtocolListenerWrapper.refer(ProtocolListenerWrapper.java:63) [dubbo-2.5.3.jar:2.5.3]
	at com.alibaba.dubbo.rpc.Protocol$Adpative.refer(Protocol$Adpative.java) [na:2.5.3]
	at com.alibaba.dubbo.config.ReferenceConfig.createProxy(ReferenceConfig.java:392) [dubbo-2.5.3.jar:2.5.3]
	at com.alibaba.dubbo.config.ReferenceConfig.init(ReferenceConfig.java:300) [dubbo-2.5.3.jar:2.5.3]
	at com.alibaba.dubbo.config.ReferenceConfig.get(ReferenceConfig.java:138) [dubbo-2.5.3.jar:2.5.3]
	at com.alibaba.dubbo.config.spring.AnnotationBean.refer(AnnotationBean.java:302) [dubbo-2.5.3.jar:2.5.3]
	at com.alibaba.dubbo.config.spring.AnnotationBean.postProcessBeforeInitialization(AnnotationBean.java:233) [dubbo-2.5.3.jar:2.5.3]
	at org.springframework.beans.factory.support.AbstractAutowireCapableBeanFactory.applyBeanPostProcessorsBeforeInitialization(AbstractAutowireCapableBeanFactory.java:409) [spring-beans-4.3.12.RELEASE.jar:4.3.12.RELEASE]
	at org.springframework.beans.factory.support.AbstractAutowireCapableBeanFactory.initializeBean(AbstractAutowireCapableBeanFactory.java:1620) [spring-beans-4.3.12.RELEASE.jar:4.3.12.RELEASE]
	at org.springframework.beans.factory.support.AbstractAutowireCapableBeanFactory.doCreateBean(AbstractAutowireCapableBeanFactory.java:555) [spring-beans-4.3.12.RELEASE.jar:4.3.12.RELEASE]
	at org.springframework.beans.factory.support.AbstractAutowireCapableBeanFactory.createBean(AbstractAutowireCapableBeanFactory.java:483) [spring-beans-4.3.12.RELEASE.jar:4.3.12.RELEASE]
	at org.springframework.beans.factory.support.AbstractBeanFactory$1.getObject(AbstractBeanFactory.java:306) [spring-beans-4.3.12.RELEASE.jar:4.3.12.RELEASE]
	at org.springframework.beans.factory.support.DefaultSingletonBeanRegistry.getSingleton(DefaultSingletonBeanRegistry.java:230) [spring-beans-4.3.12.RELEASE.jar:4.3.12.RELEASE]
	at org.springframework.beans.factory.support.AbstractBeanFactory.doGetBean(AbstractBeanFactory.java:302) [spring-beans-4.3.12.RELEASE.jar:4.3.12.RELEASE]
	at org.springframework.beans.factory.support.AbstractBeanFactory.getBean(AbstractBeanFactory.java:202) [spring-beans-4.3.12.RELEASE.jar:4.3.12.RELEASE]
	at org.springframework.beans.factory.config.DependencyDescriptor.resolveCandidate(DependencyDescriptor.java:208) [spring-beans-4.3.12.RELEASE.jar:4.3.12.RELEASE]
	at org.springframework.beans.factory.support.DefaultListableBeanFactory.doResolveDependency(DefaultListableBeanFactory.java:1138) [spring-beans-4.3.12.RELEASE.jar:4.3.12.RELEASE]
	at org.springframework.beans.factory.support.DefaultListableBeanFactory.resolveDependency(DefaultListableBeanFactory.java:1066) [spring-beans-4.3.12.RELEASE.jar:4.3.12.RELEASE]
	at org.springframework.beans.factory.annotation.AutowiredAnnotationBeanPostProcessor$AutowiredFieldElement.inject(AutowiredAnnotationBeanPostProcessor.java:585) [spring-beans-4.3.12.RELEASE.jar:4.3.12.RELEASE]
	at org.springframework.beans.factory.annotation.InjectionMetadata.inject(InjectionMetadata.java:88) [spring-beans-4.3.12.RELEASE.jar:4.3.12.RELEASE]
	at org.springframework.beans.factory.annotation.AutowiredAnnotationBeanPostProcessor.postProcessPropertyValues(AutowiredAnnotationBeanPostProcessor.java:366) [spring-beans-4.3.12.RELEASE.jar:4.3.12.RELEASE]
	at org.springframework.beans.factory.support.AbstractAutowireCapableBeanFactory.populateBean(AbstractAutowireCapableBeanFactory.java:1264) [spring-beans-4.3.12.RELEASE.jar:4.3.12.RELEASE]
	at org.springframework.beans.factory.support.AbstractAutowireCapableBeanFactory.doCreateBean(AbstractAutowireCapableBeanFactory.java:553) [spring-beans-4.3.12.RELEASE.jar:4.3.12.RELEASE]
	at org.springframework.beans.factory.support.AbstractAutowireCapableBeanFactory.createBean(AbstractAutowireCapableBeanFactory.java:483) [spring-beans-4.3.12.RELEASE.jar:4.3.12.RELEASE]
	at org.springframework.beans.factory.support.AbstractBeanFactory$1.getObject(AbstractBeanFactory.java:306) [spring-beans-4.3.12.RELEASE.jar:4.3.12.RELEASE]
	at org.springframework.beans.factory.support.DefaultSingletonBeanRegistry.getSingleton(DefaultSingletonBeanRegistry.java:230) [spring-beans-4.3.12.RELEASE.jar:4.3.12.RELEASE]
	at org.springframework.beans.factory.support.AbstractBeanFactory.doGetBean(AbstractBeanFactory.java:302) [spring-beans-4.3.12.RELEASE.jar:4.3.12.RELEASE]
	at org.springframework.beans.factory.support.AbstractBeanFactory.getBean(AbstractBeanFactory.java:197) [spring-beans-4.3.12.RELEASE.jar:4.3.12.RELEASE]
	at org.springframework.beans.factory.support.DefaultListableBeanFactory.preInstantiateSingletons(DefaultListableBeanFactory.java:761) [spring-beans-4.3.12.RELEASE.jar:4.3.12.RELEASE]
	at org.springframework.context.support.AbstractApplicationContext.finishBeanFactoryInitialization(AbstractApplicationContext.java:867) [spring-context-4.3.12.RELEASE.jar:4.3.12.RELEASE]
	at org.springframework.context.support.AbstractApplicationContext.refresh(AbstractApplicationContext.java:543) [spring-context-4.3.12.RELEASE.jar:4.3.12.RELEASE]
	at org.springframework.boot.SpringApplication.refresh(SpringApplication.java:693) [spring-boot-1.5.8.RELEASE.jar:1.5.8.RELEASE]
	at org.springframework.boot.SpringApplication.refreshContext(SpringApplication.java:360) [spring-boot-1.5.8.RELEASE.jar:1.5.8.RELEASE]
	at org.springframework.boot.SpringApplication.run(SpringApplication.java:303) [spring-boot-1.5.8.RELEASE.jar:1.5.8.RELEASE]
	at org.springframework.boot.test.context.SpringBootContextLoader.loadContext(SpringBootContextLoader.java:120) [spring-boot-test-1.5.8.RELEASE.jar:1.5.8.RELEASE]
	at org.springframework.test.context.cache.DefaultCacheAwareContextLoaderDelegate.loadContextInternal(DefaultCacheAwareContextLoaderDelegate.java:98) [spring-test-4.3.12.RELEASE.jar:4.3.12.RELEASE]
	at org.springframework.test.context.cache.DefaultCacheAwareContextLoaderDelegate.loadContext(DefaultCacheAwareContextLoaderDelegate.java:116) [spring-test-4.3.12.RELEASE.jar:4.3.12.RELEASE]
	at org.springframework.test.context.support.DefaultTestContext.getApplicationContext(DefaultTestContext.java:83) [spring-test-4.3.12.RELEASE.jar:4.3.12.RELEASE]
	at org.springframework.test.context.web.ServletTestExecutionListener.setUpRequestContextIfNecessary(ServletTestExecutionListener.java:189) [spring-test-4.3.12.RELEASE.jar:4.3.12.RELEASE]
	at org.springframework.test.context.web.ServletTestExecutionListener.prepareTestInstance(ServletTestExecutionListener.java:131) [spring-test-4.3.12.RELEASE.jar:4.3.12.RELEASE]
	at org.springframework.test.context.TestContextManager.prepareTestInstance(TestContextManager.java:230) [spring-test-4.3.12.RELEASE.jar:4.3.12.RELEASE]
	at org.springframework.test.context.junit4.SpringJUnit4ClassRunner.createTest(SpringJUnit4ClassRunner.java:228) [spring-test-4.3.12.RELEASE.jar:4.3.12.RELEASE]
	at org.springframework.test.context.junit4.SpringJUnit4ClassRunner$1.runReflectiveCall(SpringJUnit4ClassRunner.java:287) [spring-test-4.3.12.RELEASE.jar:4.3.12.RELEASE]
	at org.junit.internal.runners.model.ReflectiveCallable.run(ReflectiveCallable.java:12) [junit-4.12.jar:4.12]
	at org.springframework.test.context.junit4.SpringJUnit4ClassRunner.methodBlock(SpringJUnit4ClassRunner.java:289) [spring-test-4.3.12.RELEASE.jar:4.3.12.RELEASE]
	at org.springframework.test.context.junit4.SpringJUnit4ClassRunner.runChild(SpringJUnit4ClassRunner.java:247) [spring-test-4.3.12.RELEASE.jar:4.3.12.RELEASE]
	at org.springframework.test.context.junit4.SpringJUnit4ClassRunner.runChild(SpringJUnit4ClassRunner.java:94) [spring-test-4.3.12.RELEASE.jar:4.3.12.RELEASE]
	at org.junit.runners.ParentRunner$3.run(ParentRunner.java:290) [junit-4.12.jar:4.12]
	at org.junit.runners.ParentRunner$1.schedule(ParentRunner.java:71) [junit-4.12.jar:4.12]
	at org.junit.runners.ParentRunner.runChildren(ParentRunner.java:288) [junit-4.12.jar:4.12]
	at org.junit.runners.ParentRunner.access$000(ParentRunner.java:58) [junit-4.12.jar:4.12]
	at org.junit.runners.ParentRunner$2.evaluate(ParentRunner.java:268) [junit-4.12.jar:4.12]
	at org.springframework.test.context.junit4.statements.RunBeforeTestClassCallbacks.evaluate(RunBeforeTestClassCallbacks.java:61) [spring-test-4.3.12.RELEASE.jar:4.3.12.RELEASE]
	at org.springframework.test.context.junit4.statements.RunAfterTestClassCallbacks.evaluate(RunAfterTestClassCallbacks.java:70) [spring-test-4.3.12.RELEASE.jar:4.3.12.RELEASE]
	at org.junit.runners.ParentRunner.run(ParentRunner.java:363) [junit-4.12.jar:4.12]
	at org.springframework.test.context.junit4.SpringJUnit4ClassRunner.run(SpringJUnit4ClassRunner.java:191) [spring-test-4.3.12.RELEASE.jar:4.3.12.RELEASE]
	at org.junit.runner.JUnitCore.run(JUnitCore.java:137) [junit-4.12.jar:4.12]
	at com.intellij.junit4.JUnit4IdeaTestRunner.startRunnerWithArgs(JUnit4IdeaTestRunner.java:68) [junit-rt.jar:na]
	at com.intellij.rt.execution.junit.IdeaTestRunner$Repeater.startRunnerWithArgs(IdeaTestRunner.java:47) [junit-rt.jar:na]
	at com.intellij.rt.execution.junit.JUnitStarter.prepareStreamsAndStart(JUnitStarter.java:242) [junit-rt.jar:na]
	at com.intellij.rt.execution.junit.JUnitStarter.main(JUnitStarter.java:70) [junit-rt.jar:na]
Caused by: java.net.ConnectException: Connection refused
	at sun.nio.ch.SocketChannelImpl.checkConnect(Native Method) ~[na:1.8.0_40]
	at sun.nio.ch.SocketChannelImpl.finishConnect(SocketChannelImpl.java:717) ~[na:1.8.0_40]
	at org.jboss.netty.channel.socket.nio.NioClientSocketPipelineSink$Boss.connect(NioClientSocketPipelineSink.java:384) ~[netty-3.2.5.Final.jar:na]
	at org.jboss.netty.channel.socket.nio.NioClientSocketPipelineSink$Boss.processSelectedKeys(NioClientSocketPipelineSink.java:354) ~[netty-3.2.5.Final.jar:na]
	at org.jboss.netty.channel.socket.nio.NioClientSocketPipelineSink$Boss.run(NioClientSocketPipelineSink.java:276) ~[netty-3.2.5.Final.jar:na]
	at java.util.concurrent.ThreadPoolExecutor.runWorker(ThreadPoolExecutor.java:1142) ~[na:1.8.0_40]
	at java.util.concurrent.ThreadPoolExecutor$Worker.run(ThreadPoolExecutor.java:617) ~[na:1.8.0_40]
	at java.lang.Thread.run(Thread.java:745) ~[na:1.8.0_40]

2017-11-14 08:32:00.364 ERROR 668 --- [main] com.alibaba.dubbo.common.logger.Logger   :  [DUBBO] Failed to init remote service reference at filed productService in class com.gaoxi.order.component.datatransfer.ProdCountMapTransferComponent, cause: Failed to subscribe consumer://192.168.1.128/com.alibaba.dubbo.registry.RegistryService?application=order-provider&callbacks=10000&connect.timeout=10000&dubbo=2.5.3&interface=com.alibaba.dubbo.registry.RegistryService&lazy=true&methods=lookup,subscribe,unsubscribe,unregister,register&pid=668&reconnect=false&register=false&sticky=true&subscribe.1.callback=true&timeout=10000&timestamp=1510619519502&unsubscribe.1.callback=false, cause: Failed to invoke the method subscribe in the service com.alibaba.dubbo.registry.RegistryService. Tried 3 times of the providers [0.0.0.0:9090] (1/1) from the registry 0.0.0.0:9090 on the consumer 192.168.1.128 using the dubbo version 2.5.3. Last error is: Failed to invoke remote method: subscribe, provider: dubbo://0.0.0.0:9090/com.alibaba.dubbo.registry.RegistryService?application=order-provider&callbacks=10000&check=false&connect.timeout=10000&dubbo=2.5.3&interface=com.alibaba.dubbo.registry.RegistryService&lazy=true&methods=lookup,subscribe,unsubscribe,unregister,register&pid=668&reconnect=false&register=false&sticky=true&subscribe.1.callback=true&timeout=10000&timestamp=1510619519502&unsubscribe.1.callback=false, cause: client(url: dubbo://0.0.0.0:9090/com.alibaba.dubbo.registry.RegistryService?application=order-provider&callbacks=10000&check=false&codec=dubbo&connect.timeout=10000&dubbo=2.5.3&heartbeat=60000&interface=com.alibaba.dubbo.registry.RegistryService&lazy=true&methods=lookup,subscribe,unsubscribe,unregister,register&pid=668&reconnect=false&register=false&send.reconnect=true&sticky=true&subscribe.1.callback=true&timeout=10000&timestamp=1510619519502&unsubscribe.1.callback=false) failed to connect to server /0.0.0.0:9090, error message is:Connection refused, dubbo version: 2.5.3, current host: 192.168.1.128

java.lang.IllegalStateException: Failed to subscribe consumer://192.168.1.128/com.alibaba.dubbo.registry.RegistryService?application=order-provider&callbacks=10000&connect.timeout=10000&dubbo=2.5.3&interface=com.alibaba.dubbo.registry.RegistryService&lazy=true&methods=lookup,subscribe,unsubscribe,unregister,register&pid=668&reconnect=false&register=false&sticky=true&subscribe.1.callback=true&timeout=10000&timestamp=1510619519502&unsubscribe.1.callback=false, cause: Failed to invoke the method subscribe in the service com.alibaba.dubbo.registry.RegistryService. Tried 3 times of the providers [0.0.0.0:9090] (1/1) from the registry 0.0.0.0:9090 on the consumer 192.168.1.128 using the dubbo version 2.5.3. Last error is: Failed to invoke remote method: subscribe, provider: dubbo://0.0.0.0:9090/com.alibaba.dubbo.registry.RegistryService?application=order-provider&callbacks=10000&check=false&connect.timeout=10000&dubbo=2.5.3&interface=com.alibaba.dubbo.registry.RegistryService&lazy=true&methods=lookup,subscribe,unsubscribe,unregister,register&pid=668&reconnect=false&register=false&sticky=true&subscribe.1.callback=true&timeout=10000&timestamp=1510619519502&unsubscribe.1.callback=false, cause: client(url: dubbo://0.0.0.0:9090/com.alibaba.dubbo.registry.RegistryService?application=order-provider&callbacks=10000&check=false&codec=dubbo&connect.timeout=10000&dubbo=2.5.3&heartbeat=60000&interface=com.alibaba.dubbo.registry.RegistryService&lazy=true&methods=lookup,subscribe,unsubscribe,unregister,register&pid=668&reconnect=false&register=false&send.reconnect=true&sticky=true&subscribe.1.callback=true&timeout=10000&timestamp=1510619519502&unsubscribe.1.callback=false) failed to connect to server /0.0.0.0:9090, error message is:Connection refused
	at com.alibaba.dubbo.registry.support.FailbackRegistry.subscribe(FailbackRegistry.java:206) ~[dubbo-2.5.3.jar:2.5.3]
	at com.alibaba.dubbo.registry.integration.RegistryDirectory.subscribe(RegistryDirectory.java:133) ~[dubbo-2.5.3.jar:2.5.3]
	at com.alibaba.dubbo.registry.dubbo.DubboRegistryFactory.createRegistry(DubboRegistryFactory.java:80) ~[dubbo-2.5.3.jar:2.5.3]
	at com.alibaba.dubbo.registry.support.AbstractRegistryFactory.getRegistry(AbstractRegistryFactory.java:94) ~[dubbo-2.5.3.jar:2.5.3]
	at com.alibaba.dubbo.registry.RegistryFactory$Adpative.getRegistry(RegistryFactory$Adpative.java) ~[na:2.5.3]
	at com.alibaba.dubbo.registry.integration.RegistryProtocol.refer(RegistryProtocol.java:240) ~[dubbo-2.5.3.jar:2.5.3]
	at com.alibaba.dubbo.rpc.protocol.ProtocolFilterWrapper.refer(ProtocolFilterWrapper.java:60) ~[dubbo-2.5.3.jar:2.5.3]
	at com.alibaba.dubbo.rpc.protocol.ProtocolListenerWrapper.refer(ProtocolListenerWrapper.java:63) ~[dubbo-2.5.3.jar:2.5.3]
	at com.alibaba.dubbo.rpc.Protocol$Adpative.refer(Protocol$Adpative.java) ~[na:2.5.3]
	at com.alibaba.dubbo.config.ReferenceConfig.createProxy(ReferenceConfig.java:392) ~[dubbo-2.5.3.jar:2.5.3]
	at com.alibaba.dubbo.config.ReferenceConfig.init(ReferenceConfig.java:300) ~[dubbo-2.5.3.jar:2.5.3]
	at com.alibaba.dubbo.config.ReferenceConfig.get(ReferenceConfig.java:138) ~[dubbo-2.5.3.jar:2.5.3]
	at com.alibaba.dubbo.config.spring.AnnotationBean.refer(AnnotationBean.java:302) ~[dubbo-2.5.3.jar:2.5.3]
	at com.alibaba.dubbo.config.spring.AnnotationBean.postProcessBeforeInitialization(AnnotationBean.java:233) ~[dubbo-2.5.3.jar:2.5.3]
	at org.springframework.beans.factory.support.AbstractAutowireCapableBeanFactory.applyBeanPostProcessorsBeforeInitialization(AbstractAutowireCapableBeanFactory.java:409) [spring-beans-4.3.12.RELEASE.jar:4.3.12.RELEASE]
	at org.springframework.beans.factory.support.AbstractAutowireCapableBeanFactory.initializeBean(AbstractAutowireCapableBeanFactory.java:1620) [spring-beans-4.3.12.RELEASE.jar:4.3.12.RELEASE]
	at org.springframework.beans.factory.support.AbstractAutowireCapableBeanFactory.doCreateBean(AbstractAutowireCapableBeanFactory.java:555) [spring-beans-4.3.12.RELEASE.jar:4.3.12.RELEASE]
	at org.springframework.beans.factory.support.AbstractAutowireCapableBeanFactory.createBean(AbstractAutowireCapableBeanFactory.java:483) [spring-beans-4.3.12.RELEASE.jar:4.3.12.RELEASE]
	at org.springframework.beans.factory.support.AbstractBeanFactory$1.getObject(AbstractBeanFactory.java:306) [spring-beans-4.3.12.RELEASE.jar:4.3.12.RELEASE]
	at org.springframework.beans.factory.support.DefaultSingletonBeanRegistry.getSingleton(DefaultSingletonBeanRegistry.java:230) [spring-beans-4.3.12.RELEASE.jar:4.3.12.RELEASE]
	at org.springframework.beans.factory.support.AbstractBeanFactory.doGetBean(AbstractBeanFactory.java:302) [spring-beans-4.3.12.RELEASE.jar:4.3.12.RELEASE]
	at org.springframework.beans.factory.support.AbstractBeanFactory.getBean(AbstractBeanFactory.java:202) [spring-beans-4.3.12.RELEASE.jar:4.3.12.RELEASE]
	at org.springframework.beans.factory.config.DependencyDescriptor.resolveCandidate(DependencyDescriptor.java:208) [spring-beans-4.3.12.RELEASE.jar:4.3.12.RELEASE]
	at org.springframework.beans.factory.support.DefaultListableBeanFactory.doResolveDependency(DefaultListableBeanFactory.java:1138) [spring-beans-4.3.12.RELEASE.jar:4.3.12.RELEASE]
	at org.springframework.beans.factory.support.DefaultListableBeanFactory.resolveDependency(DefaultListableBeanFactory.java:1066) [spring-beans-4.3.12.RELEASE.jar:4.3.12.RELEASE]
	at org.springframework.beans.factory.annotation.AutowiredAnnotationBeanPostProcessor$AutowiredFieldElement.inject(AutowiredAnnotationBeanPostProcessor.java:585) [spring-beans-4.3.12.RELEASE.jar:4.3.12.RELEASE]
	at org.springframework.beans.factory.annotation.InjectionMetadata.inject(InjectionMetadata.java:88) [spring-beans-4.3.12.RELEASE.jar:4.3.12.RELEASE]
	at org.springframework.beans.factory.annotation.AutowiredAnnotationBeanPostProcessor.postProcessPropertyValues(AutowiredAnnotationBeanPostProcessor.java:366) [spring-beans-4.3.12.RELEASE.jar:4.3.12.RELEASE]
	at org.springframework.beans.factory.support.AbstractAutowireCapableBeanFactory.populateBean(AbstractAutowireCapableBeanFactory.java:1264) [spring-beans-4.3.12.RELEASE.jar:4.3.12.RELEASE]
	at org.springframework.beans.factory.support.AbstractAutowireCapableBeanFactory.doCreateBean(AbstractAutowireCapableBeanFactory.java:553) [spring-beans-4.3.12.RELEASE.jar:4.3.12.RELEASE]
	at org.springframework.beans.factory.support.AbstractAutowireCapableBeanFactory.createBean(AbstractAutowireCapableBeanFactory.java:483) [spring-beans-4.3.12.RELEASE.jar:4.3.12.RELEASE]
	at org.springframework.beans.factory.support.AbstractBeanFactory$1.getObject(AbstractBeanFactory.java:306) [spring-beans-4.3.12.RELEASE.jar:4.3.12.RELEASE]
	at org.springframework.beans.factory.support.DefaultSingletonBeanRegistry.getSingleton(DefaultSingletonBeanRegistry.java:230) [spring-beans-4.3.12.RELEASE.jar:4.3.12.RELEASE]
	at org.springframework.beans.factory.support.AbstractBeanFactory.doGetBean(AbstractBeanFactory.java:302) [spring-beans-4.3.12.RELEASE.jar:4.3.12.RELEASE]
	at org.springframework.beans.factory.support.AbstractBeanFactory.getBean(AbstractBeanFactory.java:197) [spring-beans-4.3.12.RELEASE.jar:4.3.12.RELEASE]
	at org.springframework.beans.factory.support.DefaultListableBeanFactory.preInstantiateSingletons(DefaultListableBeanFactory.java:761) [spring-beans-4.3.12.RELEASE.jar:4.3.12.RELEASE]
	at org.springframework.context.support.AbstractApplicationContext.finishBeanFactoryInitialization(AbstractApplicationContext.java:867) [spring-context-4.3.12.RELEASE.jar:4.3.12.RELEASE]
	at org.springframework.context.support.AbstractApplicationContext.refresh(AbstractApplicationContext.java:543) [spring-context-4.3.12.RELEASE.jar:4.3.12.RELEASE]
	at org.springframework.boot.SpringApplication.refresh(SpringApplication.java:693) [spring-boot-1.5.8.RELEASE.jar:1.5.8.RELEASE]
	at org.springframework.boot.SpringApplication.refreshContext(SpringApplication.java:360) [spring-boot-1.5.8.RELEASE.jar:1.5.8.RELEASE]
	at org.springframework.boot.SpringApplication.run(SpringApplication.java:303) [spring-boot-1.5.8.RELEASE.jar:1.5.8.RELEASE]
	at org.springframework.boot.test.context.SpringBootContextLoader.loadContext(SpringBootContextLoader.java:120) [spring-boot-test-1.5.8.RELEASE.jar:1.5.8.RELEASE]
	at org.springframework.test.context.cache.DefaultCacheAwareContextLoaderDelegate.loadContextInternal(DefaultCacheAwareContextLoaderDelegate.java:98) [spring-test-4.3.12.RELEASE.jar:4.3.12.RELEASE]
	at org.springframework.test.context.cache.DefaultCacheAwareContextLoaderDelegate.loadContext(DefaultCacheAwareContextLoaderDelegate.java:116) [spring-test-4.3.12.RELEASE.jar:4.3.12.RELEASE]
	at org.springframework.test.context.support.DefaultTestContext.getApplicationContext(DefaultTestContext.java:83) [spring-test-4.3.12.RELEASE.jar:4.3.12.RELEASE]
	at org.springframework.test.context.web.ServletTestExecutionListener.setUpRequestContextIfNecessary(ServletTestExecutionListener.java:189) [spring-test-4.3.12.RELEASE.jar:4.3.12.RELEASE]
	at org.springframework.test.context.web.ServletTestExecutionListener.prepareTestInstance(ServletTestExecutionListener.java:131) [spring-test-4.3.12.RELEASE.jar:4.3.12.RELEASE]
	at org.springframework.test.context.TestContextManager.prepareTestInstance(TestContextManager.java:230) [spring-test-4.3.12.RELEASE.jar:4.3.12.RELEASE]
	at org.springframework.test.context.junit4.SpringJUnit4ClassRunner.createTest(SpringJUnit4ClassRunner.java:228) [spring-test-4.3.12.RELEASE.jar:4.3.12.RELEASE]
	at org.springframework.test.context.junit4.SpringJUnit4ClassRunner$1.runReflectiveCall(SpringJUnit4ClassRunner.java:287) [spring-test-4.3.12.RELEASE.jar:4.3.12.RELEASE]
	at org.junit.internal.runners.model.ReflectiveCallable.run(ReflectiveCallable.java:12) [junit-4.12.jar:4.12]
	at org.springframework.test.context.junit4.SpringJUnit4ClassRunner.methodBlock(SpringJUnit4ClassRunner.java:289) [spring-test-4.3.12.RELEASE.jar:4.3.12.RELEASE]
	at org.springframework.test.context.junit4.SpringJUnit4ClassRunner.runChild(SpringJUnit4ClassRunner.java:247) [spring-test-4.3.12.RELEASE.jar:4.3.12.RELEASE]
	at org.springframework.test.context.junit4.SpringJUnit4ClassRunner.runChild(SpringJUnit4ClassRunner.java:94) [spring-test-4.3.12.RELEASE.jar:4.3.12.RELEASE]
	at org.junit.runners.ParentRunner$3.run(ParentRunner.java:290) [junit-4.12.jar:4.12]
	at org.junit.runners.ParentRunner$1.schedule(ParentRunner.java:71) [junit-4.12.jar:4.12]
	at org.junit.runners.ParentRunner.runChildren(ParentRunner.java:288) [junit-4.12.jar:4.12]
	at org.junit.runners.ParentRunner.access$000(ParentRunner.java:58) [junit-4.12.jar:4.12]
	at org.junit.runners.ParentRunner$2.evaluate(ParentRunner.java:268) [junit-4.12.jar:4.12]
	at org.springframework.test.context.junit4.statements.RunBeforeTestClassCallbacks.evaluate(RunBeforeTestClassCallbacks.java:61) [spring-test-4.3.12.RELEASE.jar:4.3.12.RELEASE]
	at org.springframework.test.context.junit4.statements.RunAfterTestClassCallbacks.evaluate(RunAfterTestClassCallbacks.java:70) [spring-test-4.3.12.RELEASE.jar:4.3.12.RELEASE]
	at org.junit.runners.ParentRunner.run(ParentRunner.java:363) [junit-4.12.jar:4.12]
	at org.springframework.test.context.junit4.SpringJUnit4ClassRunner.run(SpringJUnit4ClassRunner.java:191) [spring-test-4.3.12.RELEASE.jar:4.3.12.RELEASE]
	at org.junit.runner.JUnitCore.run(JUnitCore.java:137) [junit-4.12.jar:4.12]
	at com.intellij.junit4.JUnit4IdeaTestRunner.startRunnerWithArgs(JUnit4IdeaTestRunner.java:68) [junit-rt.jar:na]
	at com.intellij.rt.execution.junit.IdeaTestRunner$Repeater.startRunnerWithArgs(IdeaTestRunner.java:47) [junit-rt.jar:na]
	at com.intellij.rt.execution.junit.JUnitStarter.prepareStreamsAndStart(JUnitStarter.java:242) [junit-rt.jar:na]
	at com.intellij.rt.execution.junit.JUnitStarter.main(JUnitStarter.java:70) [junit-rt.jar:na]
Caused by: com.alibaba.dubbo.rpc.RpcException: Failed to invoke the method subscribe in the service com.alibaba.dubbo.registry.RegistryService. Tried 3 times of the providers [0.0.0.0:9090] (1/1) from the registry 0.0.0.0:9090 on the consumer 192.168.1.128 using the dubbo version 2.5.3. Last error is: Failed to invoke remote method: subscribe, provider: dubbo://0.0.0.0:9090/com.alibaba.dubbo.registry.RegistryService?application=order-provider&callbacks=10000&check=false&connect.timeout=10000&dubbo=2.5.3&interface=com.alibaba.dubbo.registry.RegistryService&lazy=true&methods=lookup,subscribe,unsubscribe,unregister,register&pid=668&reconnect=false&register=false&sticky=true&subscribe.1.callback=true&timeout=10000&timestamp=1510619519502&unsubscribe.1.callback=false, cause: client(url: dubbo://0.0.0.0:9090/com.alibaba.dubbo.registry.RegistryService?application=order-provider&callbacks=10000&check=false&codec=dubbo&connect.timeout=10000&dubbo=2.5.3&heartbeat=60000&interface=com.alibaba.dubbo.registry.RegistryService&lazy=true&methods=lookup,subscribe,unsubscribe,unregister,register&pid=668&reconnect=false&register=false&send.reconnect=true&sticky=true&subscribe.1.callback=true&timeout=10000&timestamp=1510619519502&unsubscribe.1.callback=false) failed to connect to server /0.0.0.0:9090, error message is:Connection refused
	at com.alibaba.dubbo.rpc.cluster.support.FailoverClusterInvoker.doInvoke(FailoverClusterInvoker.java:101) ~[dubbo-2.5.3.jar:2.5.3]
	at com.alibaba.dubbo.rpc.cluster.support.AbstractClusterInvoker.invoke(AbstractClusterInvoker.java:227) ~[dubbo-2.5.3.jar:2.5.3]
	at com.alibaba.dubbo.rpc.cluster.support.wrapper.MockClusterInvoker.invoke(MockClusterInvoker.java:72) ~[dubbo-2.5.3.jar:2.5.3]
	at com.alibaba.dubbo.rpc.proxy.InvokerInvocationHandler.invoke(InvokerInvocationHandler.java:52) ~[dubbo-2.5.3.jar:2.5.3]
	at com.alibaba.dubbo.common.bytecode.proxy0.subscribe(proxy0.java) ~[na:2.5.3]
	at com.alibaba.dubbo.registry.dubbo.DubboRegistry.doSubscribe(DubboRegistry.java:138) ~[dubbo-2.5.3.jar:2.5.3]
	at com.alibaba.dubbo.registry.support.FailbackRegistry.subscribe(FailbackRegistry.java:189) ~[dubbo-2.5.3.jar:2.5.3]
	... 67 common frames omitted
Caused by: com.alibaba.dubbo.remoting.RemotingException: client(url: dubbo://0.0.0.0:9090/com.alibaba.dubbo.registry.RegistryService?application=order-provider&callbacks=10000&check=false&codec=dubbo&connect.timeout=10000&dubbo=2.5.3&heartbeat=60000&interface=com.alibaba.dubbo.registry.RegistryService&lazy=true&methods=lookup,subscribe,unsubscribe,unregister,register&pid=668&reconnect=false&register=false&send.reconnect=true&sticky=true&subscribe.1.callback=true&timeout=10000&timestamp=1510619519502&unsubscribe.1.callback=false) failed to connect to server /0.0.0.0:9090, error message is:Connection refused
	at com.alibaba.dubbo.remoting.transport.netty.NettyClient.doConnect(NettyClient.java:124) ~[dubbo-2.5.3.jar:2.5.3]
	at com.alibaba.dubbo.remoting.transport.AbstractClient.connect(AbstractClient.java:280) ~[dubbo-2.5.3.jar:2.5.3]
	at com.alibaba.dubbo.remoting.transport.AbstractClient.send(AbstractClient.java:263) ~[dubbo-2.5.3.jar:2.5.3]
	at com.alibaba.dubbo.remoting.transport.AbstractPeer.send(AbstractPeer.java:51) ~[dubbo-2.5.3.jar:2.5.3]
	at com.alibaba.dubbo.remoting.exchange.support.header.HeaderExchangeChannel.request(HeaderExchangeChannel.java:112) ~[dubbo-2.5.3.jar:2.5.3]
	at com.alibaba.dubbo.remoting.exchange.support.header.HeaderExchangeClient.request(HeaderExchangeClient.java:91) ~[dubbo-2.5.3.jar:2.5.3]
	at com.alibaba.dubbo.rpc.protocol.dubbo.LazyConnectExchangeClient.request(LazyConnectExchangeClient.java:105) ~[dubbo-2.5.3.jar:2.5.3]
	at com.alibaba.dubbo.rpc.protocol.dubbo.ReferenceCountExchangeClient.request(ReferenceCountExchangeClient.java:81) ~[dubbo-2.5.3.jar:2.5.3]
	at com.alibaba.dubbo.rpc.protocol.dubbo.DubboInvoker.doInvoke(DubboInvoker.java:96) ~[dubbo-2.5.3.jar:2.5.3]
	at com.alibaba.dubbo.rpc.protocol.AbstractInvoker.invoke(AbstractInvoker.java:144) ~[dubbo-2.5.3.jar:2.5.3]
	at com.alibaba.dubbo.monitor.support.MonitorFilter.invoke(MonitorFilter.java:75) ~[dubbo-2.5.3.jar:2.5.3]
	at com.alibaba.dubbo.rpc.protocol.ProtocolFilterWrapper$1.invoke(ProtocolFilterWrapper.java:91) ~[dubbo-2.5.3.jar:2.5.3]
	at com.alibaba.dubbo.rpc.protocol.dubbo.filter.FutureFilter.invoke(FutureFilter.java:53) ~[dubbo-2.5.3.jar:2.5.3]
	at com.alibaba.dubbo.rpc.protocol.ProtocolFilterWrapper$1.invoke(ProtocolFilterWrapper.java:91) ~[dubbo-2.5.3.jar:2.5.3]
	at com.alibaba.dubbo.rpc.filter.ConsumerContextFilter.invoke(ConsumerContextFilter.java:48) ~[dubbo-2.5.3.jar:2.5.3]
	at com.alibaba.dubbo.rpc.protocol.ProtocolFilterWrapper$1.invoke(ProtocolFilterWrapper.java:91) ~[dubbo-2.5.3.jar:2.5.3]
	at com.alibaba.dubbo.rpc.listener.ListenerInvokerWrapper.invoke(ListenerInvokerWrapper.java:74) ~[dubbo-2.5.3.jar:2.5.3]
	at com.alibaba.dubbo.rpc.protocol.InvokerWrapper.invoke(InvokerWrapper.java:53) ~[dubbo-2.5.3.jar:2.5.3]
	at com.alibaba.dubbo.rpc.cluster.support.FailoverClusterInvoker.doInvoke(FailoverClusterInvoker.java:77) ~[dubbo-2.5.3.jar:2.5.3]
	... 73 common frames omitted
Caused by: java.net.ConnectException: Connection refused
	at sun.nio.ch.SocketChannelImpl.checkConnect(Native Method) ~[na:1.8.0_40]
	at sun.nio.ch.SocketChannelImpl.finishConnect(SocketChannelImpl.java:717) ~[na:1.8.0_40]
	at org.jboss.netty.channel.socket.nio.NioClientSocketPipelineSink$Boss.connect(NioClientSocketPipelineSink.java:384) ~[netty-3.2.5.Final.jar:na]
	at org.jboss.netty.channel.socket.nio.NioClientSocketPipelineSink$Boss.processSelectedKeys(NioClientSocketPipelineSink.java:354) ~[netty-3.2.5.Final.jar:na]
	at org.jboss.netty.channel.socket.nio.NioClientSocketPipelineSink$Boss.run(NioClientSocketPipelineSink.java:276) ~[netty-3.2.5.Final.jar:na]
	at java.util.concurrent.ThreadPoolExecutor.runWorker(ThreadPoolExecutor.java:1142) ~[na:1.8.0_40]
	at java.util.concurrent.ThreadPoolExecutor$Worker.run(ThreadPoolExecutor.java:617) ~[na:1.8.0_40]
	at java.lang.Thread.run(Thread.java:745) ~[na:1.8.0_40]

2017-11-14 08:32:00.370  INFO 668 --- [main] trationDelegate$BeanPostProcessorChecker : Bean 'prodCountMapTransferComponent' of type [com.gaoxi.order.component.datatransfer.ProdCountMapTransferComponent] is not eligible for getting processed by all BeanPostProcessors (for example: not eligible for auto-proxying)
2017-11-14 08:32:00.372  INFO 668 --- [main] trationDelegate$BeanPostProcessorChecker : Bean 'payBaseCheckStockComponent' of type [com.gaoxi.order.component.checkstock.PayBaseCheckStockComponent] is not eligible for getting processed by all BeanPostProcessors (for example: not eligible for auto-proxying)
2017-11-14 08:32:00.383  INFO 668 --- [main] trationDelegate$BeanPostProcessorChecker : Bean 'createOrderComponent' of type [com.gaoxi.order.component.createorder.CreateOrderComponent] is not eligible for getting processed by all BeanPostProcessors (for example: not eligible for auto-proxying)
2017-11-14 08:32:00.395  INFO 668 --- [main] trationDelegate$BeanPostProcessorChecker : Bean 'cancelOrderIdempotentComponent' of type [com.gaoxi.order.component.idempotent.CancelOrderIdempotentComponent] is not eligible for getting processed by all BeanPostProcessors (for example: not eligible for auto-proxying)
2017-11-14 08:32:00.410  INFO 668 --- [main] trationDelegate$BeanPostProcessorChecker : Bean 'confirmDeliveryIdempotentComponent' of type [com.gaoxi.order.component.idempotent.ConfirmDeliveryIdempotentComponent] is not eligible for getting processed by all BeanPostProcessors (for example: not eligible for auto-proxying)
2017-11-14 08:32:00.415  INFO 668 --- [main] trationDelegate$BeanPostProcessorChecker : Bean 'confirmReceiveIdemopotentComponent' of type [com.gaoxi.order.component.idempotent.ConfirmReceiveIdemopotentComponent] is not eligible for getting processed by all BeanPostProcessors (for example: not eligible for auto-proxying)
2017-11-14 08:32:00.425  INFO 668 --- [main] trationDelegate$BeanPostProcessorChecker : Bean 'payIdempotentComponent' of type [com.gaoxi.order.component.idempotent.PayIdempotentComponent] is not eligible for getting processed by all BeanPostProcessors (for example: not eligible for auto-proxying)
2017-11-14 08:32:00.430  INFO 668 --- [main] trationDelegate$BeanPostProcessorChecker : Bean 'placeOrderIdempotentComponent' of type [com.gaoxi.order.component.idempotent.PlaceOrderIdempotentComponent] is not eligible for getting processed by all BeanPostProcessors (for example: not eligible for auto-proxying)
2017-11-14 08:32:00.434  INFO 668 --- [main] trationDelegate$BeanPostProcessorChecker : Bean 'alipayComponent' of type [com.gaoxi.order.component.pay.AlipayComponent] is not eligible for getting processed by all BeanPostProcessors (for example: not eligible for auto-proxying)
2017-11-14 08:32:00.446  INFO 668 --- [main] trationDelegate$BeanPostProcessorChecker : Bean 'wechatPayComponent' of type [com.gaoxi.order.component.pay.WechatPayComponent] is not eligible for getting processed by all BeanPostProcessors (for example: not eligible for auto-proxying)
2017-11-14 08:32:00.454  INFO 668 --- [main] trationDelegate$BeanPostProcessorChecker : Bean 'unionPayComponent' of type [com.gaoxi.order.component.pay.UnionPayComponent] is not eligible for getting processed by all BeanPostProcessors (for example: not eligible for auto-proxying)
2017-11-14 08:32:00.455  INFO 668 --- [main] trationDelegate$BeanPostProcessorChecker : Bean 'commonPayComponent' of type [com.gaoxi.order.component.pay.CommonPayComponent] is not eligible for getting processed by all BeanPostProcessors (for example: not eligible for auto-proxying)
2017-11-14 08:32:00.459  INFO 668 --- [main] trationDelegate$BeanPostProcessorChecker : Bean 'processEngine' of type [com.gaoxi.order.engine.ProcessEngine] is not eligible for getting processed by all BeanPostProcessors (for example: not eligible for auto-proxying)
2017-11-14 08:32:00.468  INFO 668 --- [main] trationDelegate$BeanPostProcessorChecker : Bean 'initComponentList' of type [com.gaoxi.order.init.InitComponentList] is not eligible for getting processed by all BeanPostProcessors (for example: not eligible for auto-proxying)
2017-11-14 08:32:00.476  INFO 668 --- [main] trationDelegate$BeanPostProcessorChecker : Bean 'initProcessorMap' of type [com.gaoxi.order.init.InitProcessorMap] is not eligible for getting processed by all BeanPostProcessors (for example: not eligible for auto-proxying)
2017-11-14 08:32:00.483  INFO 668 --- [main] trationDelegate$BeanPostProcessorChecker : Bean 'cancelOrderProcessor' of type [com.gaoxi.order.processor.CancelOrderProcessor] is not eligible for getting processed by all BeanPostProcessors (for example: not eligible for auto-proxying)
2017-11-14 08:32:00.489  INFO 668 --- [main] trationDelegate$BeanPostProcessorChecker : Bean 'confirmDeliveryProcessor' of type [com.gaoxi.order.processor.ConfirmDeliveryProcessor] is not eligible for getting processed by all BeanPostProcessors (for example: not eligible for auto-proxying)
2017-11-14 08:32:00.523  INFO 668 --- [main] trationDelegate$BeanPostProcessorChecker : Bean 'confirmReceiveProcessor' of type [com.gaoxi.order.processor.ConfirmReceiveProcessor] is not eligible for getting processed by all BeanPostProcessors (for example: not eligible for auto-proxying)
2017-11-14 08:32:00.525  INFO 668 --- [main] trationDelegate$BeanPostProcessorChecker : Bean 'payProcessor' of type [com.gaoxi.order.processor.PayProcessor] is not eligible for getting processed by all BeanPostProcessors (for example: not eligible for auto-proxying)
2017-11-14 08:32:00.555  INFO 668 --- [main] trationDelegate$BeanPostProcessorChecker : Bean 'placeOrderProcessor' of type [com.gaoxi.order.processor.PlaceOrderProcessor] is not eligible for getting processed by all BeanPostProcessors (for example: not eligible for auto-proxying)
2017-11-14 08:32:00.564  INFO 668 --- [main] trationDelegate$BeanPostProcessorChecker : Bean 'orderServiceImpl' of type [com.gaoxi.order.service.OrderServiceImpl] is not eligible for getting processed by all BeanPostProcessors (for example: not eligible for auto-proxying)
2017-11-14 08:32:00.611  INFO 668 --- [main] trationDelegate$BeanPostProcessorChecker : Bean 'org.springframework.boot.autoconfigure.context.PropertyPlaceholderAutoConfiguration' of type [org.springframework.boot.autoconfigure.context.PropertyPlaceholderAutoConfiguration$$EnhancerBySpringCGLIB$$ae29bad8] is not eligible for getting processed by all BeanPostProcessors (for example: not eligible for auto-proxying)
2017-11-14 08:32:00.621  INFO 668 --- [main] trationDelegate$BeanPostProcessorChecker : Bean 'org.springframework.boot.autoconfigure.jackson.JacksonAutoConfiguration$Jackson2ObjectMapperBuilderCustomizerConfiguration' of type [org.springframework.boot.autoconfigure.jackson.JacksonAutoConfiguration$Jackson2ObjectMapperBuilderCustomizerConfiguration$$EnhancerBySpringCGLIB$$766a7038] is not eligible for getting processed by all BeanPostProcessors (for example: not eligible for auto-proxying)
2017-11-14 08:32:00.640  INFO 668 --- [main] trationDelegate$BeanPostProcessorChecker : Bean 'spring.jackson-org.springframework.boot.autoconfigure.jackson.JacksonProperties' of type [org.springframework.boot.autoconfigure.jackson.JacksonProperties] is not eligible for getting processed by all BeanPostProcessors (for example: not eligible for auto-proxying)
2017-11-14 08:32:00.664  INFO 668 --- [main] trationDelegate$BeanPostProcessorChecker : Bean 'standardJacksonObjectMapperBuilderCustomizer' of type [org.springframework.boot.autoconfigure.jackson.JacksonAutoConfiguration$Jackson2ObjectMapperBuilderCustomizerConfiguration$StandardJackson2ObjectMapperBuilderCustomizer] is not eligible for getting processed by all BeanPostProcessors (for example: not eligible for auto-proxying)
2017-11-14 08:32:00.670  INFO 668 --- [main] trationDelegate$BeanPostProcessorChecker : Bean 'org.springframework.boot.autoconfigure.jackson.JacksonAutoConfiguration$JacksonObjectMapperBuilderConfiguration' of type [org.springframework.boot.autoconfigure.jackson.JacksonAutoConfiguration$JacksonObjectMapperBuilderConfiguration$$EnhancerBySpringCGLIB$$bb538a49] is not eligible for getting processed by all BeanPostProcessors (for example: not eligible for auto-proxying)
2017-11-14 08:32:00.752  INFO 668 --- [main] trationDelegate$BeanPostProcessorChecker : Bean 'org.springframework.boot.autoconfigure.jackson.JacksonAutoConfiguration' of type [org.springframework.boot.autoconfigure.jackson.JacksonAutoConfiguration$$EnhancerBySpringCGLIB$$eb1265bf] is not eligible for getting processed by all BeanPostProcessors (for example: not eligible for auto-proxying)
2017-11-14 08:32:00.832  INFO 668 --- [main] trationDelegate$BeanPostProcessorChecker : Bean 'jsonComponentModule' of type [org.springframework.boot.jackson.JsonComponentModule] is not eligible for getting processed by all BeanPostProcessors (for example: not eligible for auto-proxying)
2017-11-14 08:32:00.839  INFO 668 --- [main] trationDelegate$BeanPostProcessorChecker : Bean 'jacksonObjectMapperBuilder' of type [org.springframework.http.converter.json.Jackson2ObjectMapperBuilder] is not eligible for getting processed by all BeanPostProcessors (for example: not eligible for auto-proxying)
2017-11-14 08:32:00.855  INFO 668 --- [main] trationDelegate$BeanPostProcessorChecker : Bean 'org.springframework.boot.autoconfigure.jackson.JacksonAutoConfiguration$JacksonObjectMapperConfiguration' of type [org.springframework.boot.autoconfigure.jackson.JacksonAutoConfiguration$JacksonObjectMapperConfiguration$$EnhancerBySpringCGLIB$$906c830] is not eligible for getting processed by all BeanPostProcessors (for example: not eligible for auto-proxying)
2017-11-14 08:32:00.951  INFO 668 --- [main] trationDelegate$BeanPostProcessorChecker : Bean 'jacksonObjectMapper' of type [com.fasterxml.jackson.databind.ObjectMapper] is not eligible for getting processed by all BeanPostProcessors (for example: not eligible for auto-proxying)
2017-11-14 08:32:00.988  INFO 668 --- [main] trationDelegate$BeanPostProcessorChecker : Bean 'org.springframework.boot.autoconfigure.websocket.WebSocketAutoConfiguration$TomcatWebSocketConfiguration' of type [org.springframework.boot.autoconfigure.websocket.WebSocketAutoConfiguration$TomcatWebSocketConfiguration$$EnhancerBySpringCGLIB$$dc45c8c8] is not eligible for getting processed by all BeanPostProcessors (for example: not eligible for auto-proxying)
2017-11-14 08:32:01.013  INFO 668 --- [main] trationDelegate$BeanPostProcessorChecker : Bean 'websocketContainerCustomizer' of type [org.springframework.boot.autoconfigure.websocket.TomcatWebSocketContainerCustomizer] is not eligible for getting processed by all BeanPostProcessors (for example: not eligible for auto-proxying)
2017-11-14 08:32:01.018  INFO 668 --- [main] trationDelegate$BeanPostProcessorChecker : Bean 'org.springframework.boot.autoconfigure.websocket.WebSocketAutoConfiguration' of type [org.springframework.boot.autoconfigure.websocket.WebSocketAutoConfiguration$$EnhancerBySpringCGLIB$$c023dcf7] is not eligible for getting processed by all BeanPostProcessors (for example: not eligible for auto-proxying)
2017-11-14 08:32:01.023  INFO 668 --- [main] trationDelegate$BeanPostProcessorChecker : Bean 'org.springframework.boot.autoconfigure.web.EmbeddedServletContainerAutoConfiguration$EmbeddedTomcat' of type [org.springframework.boot.autoconfigure.web.EmbeddedServletContainerAutoConfiguration$EmbeddedTomcat$$EnhancerBySpringCGLIB$$60f68bbb] is not eligible for getting processed by all BeanPostProcessors (for example: not eligible for auto-proxying)
2017-11-14 08:32:01.140  INFO 668 --- [main] trationDelegate$BeanPostProcessorChecker : Bean 'spring.http.encoding-org.springframework.boot.autoconfigure.web.HttpEncodingProperties' of type [org.springframework.boot.autoconfigure.web.HttpEncodingProperties] is not eligible for getting processed by all BeanPostProcessors (for example: not eligible for auto-proxying)
2017-11-14 08:32:01.149  INFO 668 --- [main] trationDelegate$BeanPostProcessorChecker : Bean 'org.springframework.boot.autoconfigure.web.HttpEncodingAutoConfiguration' of type [org.springframework.boot.autoconfigure.web.HttpEncodingAutoConfiguration$$EnhancerBySpringCGLIB$$845faf4a] is not eligible for getting processed by all BeanPostProcessors (for example: not eligible for auto-proxying)
2017-11-14 08:32:01.165  INFO 668 --- [main] trationDelegate$BeanPostProcessorChecker : Bean 'localeCharsetMappingsCustomizer' of type [org.springframework.boot.autoconfigure.web.HttpEncodingAutoConfiguration$LocaleCharsetMappingsCustomizer] is not eligible for getting processed by all BeanPostProcessors (for example: not eligible for auto-proxying)
2017-11-14 08:32:01.170  INFO 668 --- [main] trationDelegate$BeanPostProcessorChecker : Bean 'org.springframework.boot.autoconfigure.web.ServerPropertiesAutoConfiguration' of type [org.springframework.boot.autoconfigure.web.ServerPropertiesAutoConfiguration$$EnhancerBySpringCGLIB$$63c8c46f] is not eligible for getting processed by all BeanPostProcessors (for example: not eligible for auto-proxying)
2017-11-14 08:32:01.196  INFO 668 --- [main] trationDelegate$BeanPostProcessorChecker : Bean 'serverProperties' of type [org.springframework.boot.autoconfigure.web.ServerProperties] is not eligible for getting processed by all BeanPostProcessors (for example: not eligible for auto-proxying)
2017-11-14 08:32:01.202  INFO 668 --- [main] trationDelegate$BeanPostProcessorChecker : Bean 'duplicateServerPropertiesDetector' of type [org.springframework.boot.autoconfigure.web.ServerPropertiesAutoConfiguration$DuplicateServerPropertiesDetector] is not eligible for getting processed by all BeanPostProcessors (for example: not eligible for auto-proxying)
2017-11-14 08:32:01.222  INFO 668 --- [main] trationDelegate$BeanPostProcessorChecker : Bean 'spring.resources-org.springframework.boot.autoconfigure.web.ResourceProperties' of type [org.springframework.boot.autoconfigure.web.ResourceProperties] is not eligible for getting processed by all BeanPostProcessors (for example: not eligible for auto-proxying)
2017-11-14 08:32:01.226  INFO 668 --- [main] trationDelegate$BeanPostProcessorChecker : Bean 'org.springframework.boot.autoconfigure.web.ErrorMvcAutoConfiguration$DefaultErrorViewResolverConfiguration' of type [org.springframework.boot.autoconfigure.web.ErrorMvcAutoConfiguration$DefaultErrorViewResolverConfiguration$$EnhancerBySpringCGLIB$$700b5bf3] is not eligible for getting processed by all BeanPostProcessors (for example: not eligible for auto-proxying)
2017-11-14 08:32:01.253  INFO 668 --- [main] trationDelegate$BeanPostProcessorChecker : Bean 'conventionErrorViewResolver' of type [org.springframework.boot.autoconfigure.web.DefaultErrorViewResolver] is not eligible for getting processed by all BeanPostProcessors (for example: not eligible for auto-proxying)
2017-11-14 08:32:01.257  INFO 668 --- [main] trationDelegate$BeanPostProcessorChecker : Bean 'org.springframework.boot.autoconfigure.web.ErrorMvcAutoConfiguration' of type [org.springframework.boot.autoconfigure.web.ErrorMvcAutoConfiguration$$EnhancerBySpringCGLIB$$636e5293] is not eligible for getting processed by all BeanPostProcessors (for example: not eligible for auto-proxying)
2017-11-14 08:32:01.269  INFO 668 --- [main] trationDelegate$BeanPostProcessorChecker : Bean 'errorPageCustomizer' of type [org.springframework.boot.autoconfigure.web.ErrorMvcAutoConfiguration$ErrorPageCustomizer] is not eligible for getting processed by all BeanPostProcessors (for example: not eligible for auto-proxying)
2017-11-14 08:32:01.270  INFO 668 --- [main] trationDelegate$BeanPostProcessorChecker : Bean 'tomcatEmbeddedServletContainerFactory' of type [org.springframework.boot.context.embedded.tomcat.TomcatEmbeddedServletContainerFactory] is not eligible for getting processed by all BeanPostProcessors (for example: not eligible for auto-proxying)
2017-11-14 08:32:01.275  INFO 668 --- [main] trationDelegate$BeanPostProcessorChecker : Bean 'org.springframework.boot.autoconfigure.web.EmbeddedServletContainerAutoConfiguration' of type [org.springframework.boot.autoconfigure.web.EmbeddedServletContainerAutoConfiguration$$EnhancerBySpringCGLIB$$19e018df] is not eligible for getting processed by all BeanPostProcessors (for example: not eligible for auto-proxying)
2017-11-14 08:32:01.287  INFO 668 --- [main] trationDelegate$BeanPostProcessorChecker : Bean 'spring.mvc-org.springframework.boot.autoconfigure.web.WebMvcProperties' of type [org.springframework.boot.autoconfigure.web.WebMvcProperties] is not eligible for getting processed by all BeanPostProcessors (for example: not eligible for auto-proxying)
2017-11-14 08:32:01.293  INFO 668 --- [main] trationDelegate$BeanPostProcessorChecker : Bean 'org.springframework.boot.autoconfigure.web.DispatcherServletAutoConfiguration$DispatcherServletConfiguration' of type [org.springframework.boot.autoconfigure.web.DispatcherServletAutoConfiguration$DispatcherServletConfiguration$$EnhancerBySpringCGLIB$$53d8f7f1] is not eligible for getting processed by all BeanPostProcessors (for example: not eligible for auto-proxying)
2017-11-14 08:32:01.363  INFO 668 --- [main] trationDelegate$BeanPostProcessorChecker : Bean 'dispatcherServlet' of type [org.springframework.web.servlet.DispatcherServlet] is not eligible for getting processed by all BeanPostProcessors (for example: not eligible for auto-proxying)
2017-11-14 08:32:01.373  INFO 668 --- [main] trationDelegate$BeanPostProcessorChecker : Bean 'spring.http.multipart-org.springframework.boot.autoconfigure.web.MultipartProperties' of type [org.springframework.boot.autoconfigure.web.MultipartProperties] is not eligible for getting processed by all BeanPostProcessors (for example: not eligible for auto-proxying)
2017-11-14 08:32:01.380  INFO 668 --- [main] trationDelegate$BeanPostProcessorChecker : Bean 'org.springframework.boot.autoconfigure.web.MultipartAutoConfiguration' of type [org.springframework.boot.autoconfigure.web.MultipartAutoConfiguration$$EnhancerBySpringCGLIB$$6820fbe5] is not eligible for getting processed by all BeanPostProcessors (for example: not eligible for auto-proxying)
2017-11-14 08:32:01.393  INFO 668 --- [main] trationDelegate$BeanPostProcessorChecker : Bean 'multipartConfigElement' of type [javax.servlet.MultipartConfigElement] is not eligible for getting processed by all BeanPostProcessors (for example: not eligible for auto-proxying)
2017-11-14 08:32:01.399  INFO 668 --- [main] trationDelegate$BeanPostProcessorChecker : Bean 'org.springframework.boot.autoconfigure.web.DispatcherServletAutoConfiguration$DispatcherServletRegistrationConfiguration' of type [org.springframework.boot.autoconfigure.web.DispatcherServletAutoConfiguration$DispatcherServletRegistrationConfiguration$$EnhancerBySpringCGLIB$$cec88718] is not eligible for getting processed by all BeanPostProcessors (for example: not eligible for auto-proxying)
2017-11-14 08:32:01.414  INFO 668 --- [main] trationDelegate$BeanPostProcessorChecker : Bean 'dispatcherServletRegistration' of type [org.springframework.boot.web.servlet.ServletRegistrationBean] is not eligible for getting processed by all BeanPostProcessors (for example: not eligible for auto-proxying)
2017-11-14 08:32:01.420  INFO 668 --- [main] trationDelegate$BeanPostProcessorChecker : Bean 'org.springframework.boot.autoconfigure.web.DispatcherServletAutoConfiguration' of type [org.springframework.boot.autoconfigure.web.DispatcherServletAutoConfiguration$$EnhancerBySpringCGLIB$$a2e78af3] is not eligible for getting processed by all BeanPostProcessors (for example: not eligible for auto-proxying)
2017-11-14 08:32:01.426  INFO 668 --- [main] trationDelegate$BeanPostProcessorChecker : Bean 'org.springframework.boot.autoconfigure.validation.ValidationAutoConfiguration' of type [org.springframework.boot.autoconfigure.validation.ValidationAutoConfiguration$$EnhancerBySpringCGLIB$$1e72d929] is not eligible for getting processed by all BeanPostProcessors (for example: not eligible for auto-proxying)
2017-11-14 08:32:01.459  INFO 668 --- [main] trationDelegate$BeanPostProcessorChecker : Bean 'org.springframework.boot.autoconfigure.web.ErrorMvcAutoConfiguration$WhitelabelErrorViewConfiguration' of type [org.springframework.boot.autoconfigure.web.ErrorMvcAutoConfiguration$WhitelabelErrorViewConfiguration$$EnhancerBySpringCGLIB$$f3baba0d] is not eligible for getting processed by all BeanPostProcessors (for example: not eligible for auto-proxying)
2017-11-14 08:32:01.469  INFO 668 --- [main] trationDelegate$BeanPostProcessorChecker : Bean 'error' of type [org.springframework.boot.autoconfigure.web.ErrorMvcAutoConfiguration$SpelView] is not eligible for getting processed by all BeanPostProcessors (for example: not eligible for auto-proxying)
2017-11-14 08:32:01.484  INFO 668 --- [main] trationDelegate$BeanPostProcessorChecker : Bean 'beanNameViewResolver' of type [org.springframework.web.servlet.view.BeanNameViewResolver] is not eligible for getting processed by all BeanPostProcessors (for example: not eligible for auto-proxying)
2017-11-14 08:32:01.490  INFO 668 --- [main] trationDelegate$BeanPostProcessorChecker : Bean 'errorAttributes' of type [org.springframework.boot.autoconfigure.web.DefaultErrorAttributes] is not eligible for getting processed by all BeanPostProcessors (for example: not eligible for auto-proxying)
2017-11-14 08:32:01.506  INFO 668 --- [main] trationDelegate$BeanPostProcessorChecker : Bean 'basicErrorController' of type [org.springframework.boot.autoconfigure.web.BasicErrorController] is not eligible for getting processed by all BeanPostProcessors (for example: not eligible for auto-proxying)
2017-11-14 08:32:01.589  INFO 668 --- [main] trationDelegate$BeanPostProcessorChecker : Bean 'org.springframework.boot.autoconfigure.web.WebMvcAutoConfiguration$WebMvcAutoConfigurationAdapter' of type [org.springframework.boot.autoconfigure.web.WebMvcAutoConfiguration$WebMvcAutoConfigurationAdapter$$EnhancerBySpringCGLIB$$9876a01b] is not eligible for getting processed by all BeanPostProcessors (for example: not eligible for auto-proxying)
2017-11-14 08:32:01.596  INFO 668 --- [main] trationDelegate$BeanPostProcessorChecker : Bean 'org.springframework.boot.autoconfigure.web.WebMvcAutoConfiguration$EnableWebMvcConfiguration' of type [org.springframework.boot.autoconfigure.web.WebMvcAutoConfiguration$EnableWebMvcConfiguration$$EnhancerBySpringCGLIB$$4a0eaa8] is not eligible for getting processed by all BeanPostProcessors (for example: not eligible for auto-proxying)
2017-11-14 08:32:01.706  INFO 668 --- [main] trationDelegate$BeanPostProcessorChecker : Bean 'mvcContentNegotiationManager' of type [org.springframework.web.accept.ContentNegotiationManager] is not eligible for getting processed by all BeanPostProcessors (for example: not eligible for auto-proxying)
2017-11-14 08:32:01.727  INFO 668 --- [main] trationDelegate$BeanPostProcessorChecker : Bean 'org.springframework.boot.autoconfigure.web.HttpMessageConvertersAutoConfiguration$StringHttpMessageConverterConfiguration' of type [org.springframework.boot.autoconfigure.web.HttpMessageConvertersAutoConfiguration$StringHttpMessageConverterConfiguration$$EnhancerBySpringCGLIB$$faa1719f] is not eligible for getting processed by all BeanPostProcessors (for example: not eligible for auto-proxying)
2017-11-14 08:32:01.749  INFO 668 --- [main] trationDelegate$BeanPostProcessorChecker : Bean 'stringHttpMessageConverter' of type [org.springframework.http.converter.StringHttpMessageConverter] is not eligible for getting processed by all BeanPostProcessors (for example: not eligible for auto-proxying)
2017-11-14 08:32:01.757  INFO 668 --- [main] trationDelegate$BeanPostProcessorChecker : Bean 'org.springframework.boot.autoconfigure.web.JacksonHttpMessageConvertersConfiguration$MappingJackson2HttpMessageConverterConfiguration' of type [org.springframework.boot.autoconfigure.web.JacksonHttpMessageConvertersConfiguration$MappingJackson2HttpMessageConverterConfiguration$$EnhancerBySpringCGLIB$$88af9b9f] is not eligible for getting processed by all BeanPostProcessors (for example: not eligible for auto-proxying)
2017-11-14 08:32:01.776  INFO 668 --- [main] trationDelegate$BeanPostProcessorChecker : Bean 'mappingJackson2HttpMessageConverter' of type [org.springframework.http.converter.json.MappingJackson2HttpMessageConverter] is not eligible for getting processed by all BeanPostProcessors (for example: not eligible for auto-proxying)
2017-11-14 08:32:01.783  INFO 668 --- [main] trationDelegate$BeanPostProcessorChecker : Bean 'org.springframework.boot.autoconfigure.web.HttpMessageConvertersAutoConfiguration' of type [org.springframework.boot.autoconfigure.web.HttpMessageConvertersAutoConfiguration$$EnhancerBySpringCGLIB$$3e2b66ff] is not eligible for getting processed by all BeanPostProcessors (for example: not eligible for auto-proxying)
2017-11-14 08:32:01.801  INFO 668 --- [main] trationDelegate$BeanPostProcessorChecker : Bean 'messageConverters' of type [org.springframework.boot.autoconfigure.web.HttpMessageConverters] is not eligible for getting processed by all BeanPostProcessors (for example: not eligible for auto-proxying)
2017-11-14 08:32:01.841  INFO 668 --- [main] trationDelegate$BeanPostProcessorChecker : Bean 'mvcConversionService' of type [org.springframework.format.support.DefaultFormattingConversionService] is not eligible for getting processed by all BeanPostProcessors (for example: not eligible for auto-proxying)
2017-11-14 08:32:01.859  INFO 668 --- [main] trationDelegate$BeanPostProcessorChecker : Bean 'mvcValidator' of type [org.springframework.boot.autoconfigure.web.WebMvcValidator] is not eligible for getting processed by all BeanPostProcessors (for example: not eligible for auto-proxying)
2017-11-14 08:32:01.887  INFO 668 --- [main] s.w.s.m.m.a.RequestMappingHandlerAdapter : Looking for @ControllerAdvice: org.springframework.web.context.support.GenericWebApplicationContext@29e495ff: startup date [Tue Nov 14 08:31:52 CST 2017]; root of context hierarchy
2017-11-14 08:32:01.955  INFO 668 --- [main] trationDelegate$BeanPostProcessorChecker : Bean 'requestMappingHandlerAdapter' of type [org.springframework.web.servlet.mvc.method.annotation.RequestMappingHandlerAdapter] is not eligible for getting processed by all BeanPostProcessors (for example: not eligible for auto-proxying)
2017-11-14 08:32:01.978  INFO 668 --- [main] trationDelegate$BeanPostProcessorChecker : Bean 'mvcResourceUrlProvider' of type [org.springframework.web.servlet.resource.ResourceUrlProvider] is not eligible for getting processed by all BeanPostProcessors (for example: not eligible for auto-proxying)
2017-11-14 08:32:02.044  INFO 668 --- [main] s.w.s.m.m.a.RequestMappingHandlerMapping : Mapped "{[/error]}" onto public org.springframework.http.ResponseEntity<java.util.Map<java.lang.String, java.lang.Object>> org.springframework.boot.autoconfigure.web.BasicErrorController.error(javax.servlet.http.HttpServletRequest)
2017-11-14 08:32:02.046  INFO 668 --- [main] s.w.s.m.m.a.RequestMappingHandlerMapping : Mapped "{[/error],produces=[text/html]}" onto public org.springframework.web.servlet.ModelAndView org.springframework.boot.autoconfigure.web.BasicErrorController.errorHtml(javax.servlet.http.HttpServletRequest,javax.servlet.http.HttpServletResponse)
2017-11-14 08:32:02.048  INFO 668 --- [main] trationDelegate$BeanPostProcessorChecker : Bean 'requestMappingHandlerMapping' of type [org.springframework.web.servlet.mvc.method.annotation.RequestMappingHandlerMapping] is not eligible for getting processed by all BeanPostProcessors (for example: not eligible for auto-proxying)
2017-11-14 08:32:02.058  INFO 668 --- [main] trationDelegate$BeanPostProcessorChecker : Bean 'mvcPathMatcher' of type [org.springframework.util.AntPathMatcher] is not eligible for getting processed by all BeanPostProcessors (for example: not eligible for auto-proxying)
2017-11-14 08:32:02.061  INFO 668 --- [main] trationDelegate$BeanPostProcessorChecker : Bean 'mvcUrlPathHelper' of type [org.springframework.web.util.UrlPathHelper] is not eligible for getting processed by all BeanPostProcessors (for example: not eligible for auto-proxying)
2017-11-14 08:32:02.070  INFO 668 --- [main] trationDelegate$BeanPostProcessorChecker : Bean 'viewControllerHandlerMapping' of type [org.springframework.web.servlet.config.annotation.WebMvcConfigurationSupport$EmptyHandlerMapping] is not eligible for getting processed by all BeanPostProcessors (for example: not eligible for auto-proxying)
2017-11-14 08:32:02.087  INFO 668 --- [main] trationDelegate$BeanPostProcessorChecker : Bean 'beanNameHandlerMapping' of type [org.springframework.web.servlet.handler.BeanNameUrlHandlerMapping] is not eligible for getting processed by all BeanPostProcessors (for example: not eligible for auto-proxying)
2017-11-14 08:32:02.108  INFO 668 --- [main] o.s.w.s.handler.SimpleUrlHandlerMapping  : Mapped URL path [/webjars/**] onto handler of type [class org.springframework.web.servlet.resource.ResourceHttpRequestHandler]
2017-11-14 08:32:02.108  INFO 668 --- [main] o.s.w.s.handler.SimpleUrlHandlerMapping  : Mapped URL path [/**] onto handler of type [class org.springframework.web.servlet.resource.ResourceHttpRequestHandler]
2017-11-14 08:32:02.109  INFO 668 --- [main] trationDelegate$BeanPostProcessorChecker : Bean 'resourceHandlerMapping' of type [org.springframework.web.servlet.handler.SimpleUrlHandlerMapping] is not eligible for getting processed by all BeanPostProcessors (for example: not eligible for auto-proxying)
2017-11-14 08:32:02.112  INFO 668 --- [main] trationDelegate$BeanPostProcessorChecker : Bean 'defaultServletHandlerMapping' of type [org.springframework.web.servlet.config.annotation.WebMvcConfigurationSupport$EmptyHandlerMapping] is not eligible for getting processed by all BeanPostProcessors (for example: not eligible for auto-proxying)
2017-11-14 08:32:02.118  INFO 668 --- [main] trationDelegate$BeanPostProcessorChecker : Bean 'mvcUriComponentsContributor' of type [org.springframework.web.method.support.CompositeUriComponentsContributor] is not eligible for getting processed by all BeanPostProcessors (for example: not eligible for auto-proxying)
2017-11-14 08:32:02.123  INFO 668 --- [main] trationDelegate$BeanPostProcessorChecker : Bean 'httpRequestHandlerAdapter' of type [org.springframework.web.servlet.mvc.HttpRequestHandlerAdapter] is not eligible for getting processed by all BeanPostProcessors (for example: not eligible for auto-proxying)
2017-11-14 08:32:02.126  INFO 668 --- [main] trationDelegate$BeanPostProcessorChecker : Bean 'simpleControllerHandlerAdapter' of type [org.springframework.web.servlet.mvc.SimpleControllerHandlerAdapter] is not eligible for getting processed by all BeanPostProcessors (for example: not eligible for auto-proxying)
2017-11-14 08:32:02.144  INFO 668 --- [main] trationDelegate$BeanPostProcessorChecker : Bean 'handlerExceptionResolver' of type [org.springframework.web.servlet.handler.HandlerExceptionResolverComposite] is not eligible for getting processed by all BeanPostProcessors (for example: not eligible for auto-proxying)
2017-11-14 08:32:02.174  INFO 668 --- [main] trationDelegate$BeanPostProcessorChecker : Bean 'mvcViewResolver' of type [org.springframework.web.servlet.view.ViewResolverComposite] is not eligible for getting processed by all BeanPostProcessors (for example: not eligible for auto-proxying)
2017-11-14 08:32:02.179  INFO 668 --- [main] trationDelegate$BeanPostProcessorChecker : Bean 'org.springframework.boot.autoconfigure.web.WebMvcAutoConfiguration$WebMvcAutoConfigurationAdapter$FaviconConfiguration' of type [org.springframework.boot.autoconfigure.web.WebMvcAutoConfiguration$WebMvcAutoConfigurationAdapter$FaviconConfiguration$$EnhancerBySpringCGLIB$$e5907493] is not eligible for getting processed by all BeanPostProcessors (for example: not eligible for auto-proxying)
2017-11-14 08:32:02.192  INFO 668 --- [main] trationDelegate$BeanPostProcessorChecker : Bean 'faviconRequestHandler' of type [org.springframework.web.servlet.resource.ResourceHttpRequestHandler] is not eligible for getting processed by all BeanPostProcessors (for example: not eligible for auto-proxying)
2017-11-14 08:32:02.196  INFO 668 --- [main] o.s.w.s.handler.SimpleUrlHandlerMapping  : Mapped URL path [/**/favicon.ico] onto handler of type [class org.springframework.web.servlet.resource.ResourceHttpRequestHandler]
2017-11-14 08:32:02.196  INFO 668 --- [main] trationDelegate$BeanPostProcessorChecker : Bean 'faviconHandlerMapping' of type [org.springframework.web.servlet.handler.SimpleUrlHandlerMapping] is not eligible for getting processed by all BeanPostProcessors (for example: not eligible for auto-proxying)
2017-11-14 08:32:02.219  INFO 668 --- [main] trationDelegate$BeanPostProcessorChecker : Bean 'defaultViewResolver' of type [org.springframework.web.servlet.view.InternalResourceViewResolver] is not eligible for getting processed by all BeanPostProcessors (for example: not eligible for auto-proxying)
2017-11-14 08:32:02.231  INFO 668 --- [main] trationDelegate$BeanPostProcessorChecker : Bean 'viewResolver' of type [org.springframework.web.servlet.view.ContentNegotiatingViewResolver] is not eligible for getting processed by all BeanPostProcessors (for example: not eligible for auto-proxying)
2017-11-14 08:32:02.240  INFO 668 --- [main] trationDelegate$BeanPostProcessorChecker : Bean 'welcomePageHandlerMapping' of type [org.springframework.boot.autoconfigure.web.WebMvcAutoConfiguration$WelcomePageHandlerMapping] is not eligible for getting processed by all BeanPostProcessors (for example: not eligible for auto-proxying)
2017-11-14 08:32:02.253  INFO 668 --- [main] trationDelegate$BeanPostProcessorChecker : Bean 'requestContextFilter' of type [org.springframework.boot.web.filter.OrderedRequestContextFilter] is not eligible for getting processed by all BeanPostProcessors (for example: not eligible for auto-proxying)
2017-11-14 08:32:02.265  INFO 668 --- [main] trationDelegate$BeanPostProcessorChecker : Bean 'org.springframework.boot.autoconfigure.web.WebMvcAutoConfiguration' of type [org.springframework.boot.autoconfigure.web.WebMvcAutoConfiguration$$EnhancerBySpringCGLIB$$1cb031df] is not eligible for getting processed by all BeanPostProcessors (for example: not eligible for auto-proxying)
2017-11-14 08:32:02.281  INFO 668 --- [main] trationDelegate$BeanPostProcessorChecker : Bean 'hiddenHttpMethodFilter' of type [org.springframework.boot.web.filter.OrderedHiddenHttpMethodFilter] is not eligible for getting processed by all BeanPostProcessors (for example: not eligible for auto-proxying)
2017-11-14 08:32:02.295  INFO 668 --- [main] trationDelegate$BeanPostProcessorChecker : Bean 'httpPutFormContentFilter' of type [org.springframework.boot.web.filter.OrderedHttpPutFormContentFilter] is not eligible for getting processed by all BeanPostProcessors (for example: not eligible for auto-proxying)
2017-11-14 08:32:02.297  INFO 668 --- [main] trationDelegate$BeanPostProcessorChecker : Bean 'requestProtocolConfig' of type [com.alibaba.dubbo.config.ProtocolConfig] is not eligible for getting processed by all BeanPostProcessors (for example: not eligible for auto-proxying)
2017-11-14 08:32:02.303  INFO 668 --- [main] trationDelegate$BeanPostProcessorChecker : Bean 'org.springframework.boot.autoconfigure.jdbc.DataSourceAutoConfiguration$PooledDataSourceConfiguration' of type [org.springframework.boot.autoconfigure.jdbc.DataSourceAutoConfiguration$PooledDataSourceConfiguration$$EnhancerBySpringCGLIB$$2c173991] is not eligible for getting processed by all BeanPostProcessors (for example: not eligible for auto-proxying)
2017-11-14 08:32:02.308  INFO 668 --- [main] trationDelegate$BeanPostProcessorChecker : Bean 'org.springframework.boot.autoconfigure.jdbc.metadata.DataSourcePoolMetadataProvidersConfiguration$TomcatDataSourcePoolMetadataProviderConfiguration' of type [org.springframework.boot.autoconfigure.jdbc.metadata.DataSourcePoolMetadataProvidersConfiguration$TomcatDataSourcePoolMetadataProviderConfiguration$$EnhancerBySpringCGLIB$$cd936cd] is not eligible for getting processed by all BeanPostProcessors (for example: not eligible for auto-proxying)
2017-11-14 08:32:02.320  INFO 668 --- [main] trationDelegate$BeanPostProcessorChecker : Bean 'tomcatPoolDataSourceMetadataProvider' of type [org.springframework.boot.autoconfigure.jdbc.metadata.DataSourcePoolMetadataProvidersConfiguration$TomcatDataSourcePoolMetadataProviderConfiguration$1] is not eligible for getting processed by all BeanPostProcessors (for example: not eligible for auto-proxying)
2017-11-14 08:32:02.324  INFO 668 --- [main] trationDelegate$BeanPostProcessorChecker : Bean 'org.springframework.boot.autoconfigure.jdbc.metadata.DataSourcePoolMetadataProvidersConfiguration' of type [org.springframework.boot.autoconfigure.jdbc.metadata.DataSourcePoolMetadataProvidersConfiguration$$EnhancerBySpringCGLIB$$8a6430e0] is not eligible for getting processed by all BeanPostProcessors (for example: not eligible for auto-proxying)
2017-11-14 08:32:02.330  INFO 668 --- [main] trationDelegate$BeanPostProcessorChecker : Bean 'org.mybatis.spring.boot.autoconfigure.MybatisAutoConfiguration$MapperScannerRegistrarNotFoundConfiguration' of type [org.mybatis.spring.boot.autoconfigure.MybatisAutoConfiguration$MapperScannerRegistrarNotFoundConfiguration$$EnhancerBySpringCGLIB$$c38b37a2] is not eligible for getting processed by all BeanPostProcessors (for example: not eligible for auto-proxying)
2017-11-14 08:32:02.333  INFO 668 --- [main] trationDelegate$BeanPostProcessorChecker : Bean 'org.springframework.boot.autoconfigure.aop.AopAutoConfiguration$JdkDynamicAutoProxyConfiguration' of type [org.springframework.boot.autoconfigure.aop.AopAutoConfiguration$JdkDynamicAutoProxyConfiguration$$EnhancerBySpringCGLIB$$3ce49010] is not eligible for getting processed by all BeanPostProcessors (for example: not eligible for auto-proxying)
2017-11-14 08:32:02.336  INFO 668 --- [main] trationDelegate$BeanPostProcessorChecker : Bean 'org.springframework.boot.autoconfigure.aop.AopAutoConfiguration' of type [org.springframework.boot.autoconfigure.aop.AopAutoConfiguration$$EnhancerBySpringCGLIB$$f8c9c761] is not eligible for getting processed by all BeanPostProcessors (for example: not eligible for auto-proxying)
2017-11-14 08:32:02.343  INFO 668 --- [main] trationDelegate$BeanPostProcessorChecker : Bean 'org.springframework.boot.autoconfigure.context.ConfigurationPropertiesAutoConfiguration' of type [org.springframework.boot.autoconfigure.context.ConfigurationPropertiesAutoConfiguration$$EnhancerBySpringCGLIB$$9cfcd3ed] is not eligible for getting processed by all BeanPostProcessors (for example: not eligible for auto-proxying)
2017-11-14 08:32:02.345  INFO 668 --- [main] trationDelegate$BeanPostProcessorChecker : Bean 'org.springframework.boot.autoconfigure.dao.PersistenceExceptionTranslationAutoConfiguration' of type [org.springframework.boot.autoconfigure.dao.PersistenceExceptionTranslationAutoConfiguration] is not eligible for getting processed by all BeanPostProcessors (for example: not eligible for auto-proxying)
2017-11-14 08:32:02.349  INFO 668 --- [main] trationDelegate$BeanPostProcessorChecker : Bean 'org.springframework.boot.autoconfigure.web.JacksonHttpMessageConvertersConfiguration' of type [org.springframework.boot.autoconfigure.web.JacksonHttpMessageConvertersConfiguration$$EnhancerBySpringCGLIB$$1b9d3415] is not eligible for getting processed by all BeanPostProcessors (for example: not eligible for auto-proxying)
2017-11-14 08:32:02.357  INFO 668 --- [main] trationDelegate$BeanPostProcessorChecker : Bean 'spring.info-org.springframework.boot.autoconfigure.info.ProjectInfoProperties' of type [org.springframework.boot.autoconfigure.info.ProjectInfoProperties] is not eligible for getting processed by all BeanPostProcessors (for example: not eligible for auto-proxying)
2017-11-14 08:32:02.362  INFO 668 --- [main] trationDelegate$BeanPostProcessorChecker : Bean 'org.springframework.boot.autoconfigure.info.ProjectInfoAutoConfiguration' of type [org.springframework.boot.autoconfigure.info.ProjectInfoAutoConfiguration$$EnhancerBySpringCGLIB$$e96d55b8] is not eligible for getting processed by all BeanPostProcessors (for example: not eligible for auto-proxying)
2017-11-14 08:32:02.369  INFO 668 --- [main] trationDelegate$BeanPostProcessorChecker : Bean 'org.springframework.boot.autoconfigure.transaction.TransactionAutoConfiguration' of type [org.springframework.boot.autoconfigure.transaction.TransactionAutoConfiguration$$EnhancerBySpringCGLIB$$41e743a9] is not eligible for getting processed by all BeanPostProcessors (for example: not eligible for auto-proxying)
2017-11-14 08:32:02.381  INFO 668 --- [main] trationDelegate$BeanPostProcessorChecker : Bean 'spring.transaction-org.springframework.boot.autoconfigure.transaction.TransactionProperties' of type [org.springframework.boot.autoconfigure.transaction.TransactionProperties] is not eligible for getting processed by all BeanPostProcessors (for example: not eligible for auto-proxying)
2017-11-14 08:32:02.384  INFO 668 --- [main] trationDelegate$BeanPostProcessorChecker : Bean 'platformTransactionManagerCustomizers' of type [org.springframework.boot.autoconfigure.transaction.TransactionManagerCustomizers] is not eligible for getting processed by all BeanPostProcessors (for example: not eligible for auto-proxying)
2017-11-14 08:32:02.388  INFO 668 --- [main] trationDelegate$BeanPostProcessorChecker : Bean 'org.springframework.boot.autoconfigure.jdbc.DataSourceTransactionManagerAutoConfiguration$DataSourceTransactionManagerConfiguration' of type [org.springframework.boot.autoconfigure.jdbc.DataSourceTransactionManagerAutoConfiguration$DataSourceTransactionManagerConfiguration$$EnhancerBySpringCGLIB$$5a73e10e] is not eligible for getting processed by all BeanPostProcessors (for example: not eligible for auto-proxying)
2017-11-14 08:32:02.611  INFO 668 --- [main] trationDelegate$BeanPostProcessorChecker : Bean 'transactionManager' of type [org.springframework.jdbc.datasource.DataSourceTransactionManager] is not eligible for getting processed by all BeanPostProcessors (for example: not eligible for auto-proxying)
2017-11-14 08:32:02.616  INFO 668 --- [main] trationDelegate$BeanPostProcessorChecker : Bean 'org.springframework.boot.autoconfigure.jdbc.DataSourceTransactionManagerAutoConfiguration' of type [org.springframework.boot.autoconfigure.jdbc.DataSourceTransactionManagerAutoConfiguration$$EnhancerBySpringCGLIB$$be4a38f0] is not eligible for getting processed by all BeanPostProcessors (for example: not eligible for auto-proxying)
2017-11-14 08:32:02.624  INFO 668 --- [main] trationDelegate$BeanPostProcessorChecker : Bean 'org.springframework.boot.autoconfigure.jdbc.JdbcTemplateAutoConfiguration' of type [org.springframework.boot.autoconfigure.jdbc.JdbcTemplateAutoConfiguration$$EnhancerBySpringCGLIB$$cd577d8f] is not eligible for getting processed by all BeanPostProcessors (for example: not eligible for auto-proxying)
2017-11-14 08:32:02.692  INFO 668 --- [DubboRegistryReconnectTimer-thread-1] c.a.dubbo.registry.dubbo.DubboRegistry   :  [DUBBO] Reconnect to registry dubbo://0.0.0.0:9090/com.alibaba.dubbo.registry.RegistryService?application=order-provider&callbacks=10000&connect.timeout=10000&dubbo=2.5.3&interface=com.alibaba.dubbo.registry.RegistryService&lazy=true&methods=lookup,subscribe,unsubscribe,unregister,register&pid=668&reconnect=false&register=false&sticky=true&subscribe.1.callback=true&timeout=10000&timestamp=1510619519502&unsubscribe.1.callback=false, dubbo version: 2.5.3, current host: 192.168.1.128
2017-11-14 08:32:02.693  INFO 668 --- [DubboRegistryReconnectTimer-thread-1] c.a.dubbo.registry.dubbo.DubboRegistry   :  [DUBBO] Recover subscribe url [consumer://192.168.1.128/com.alibaba.dubbo.registry.RegistryService?application=order-provider&callbacks=10000&connect.timeout=10000&dubbo=2.5.3&interface=com.alibaba.dubbo.registry.RegistryService&lazy=true&methods=lookup,subscribe,unsubscribe,unregister,register&pid=668&reconnect=false&register=false&sticky=true&subscribe.1.callback=true&timeout=10000&timestamp=1510619519502&unsubscribe.1.callback=false], dubbo version: 2.5.3, current host: 192.168.1.128
2017-11-14 08:32:02.715  INFO 668 --- [main] trationDelegate$BeanPostProcessorChecker : Bean 'jdbcTemplate' of type [org.springframework.jdbc.core.JdbcTemplate] is not eligible for getting processed by all BeanPostProcessors (for example: not eligible for auto-proxying)
2017-11-14 08:32:02.726  INFO 668 --- [main] trationDelegate$BeanPostProcessorChecker : Bean 'namedParameterJdbcTemplate' of type [org.springframework.jdbc.core.namedparam.NamedParameterJdbcTemplate] is not eligible for getting processed by all BeanPostProcessors (for example: not eligible for auto-proxying)
2017-11-14 08:32:02.737  INFO 668 --- [main] trationDelegate$BeanPostProcessorChecker : Bean 'org.springframework.boot.autoconfigure.transaction.TransactionAutoConfiguration$EnableTransactionManagementConfiguration$CglibAutoProxyConfiguration' of type [org.springframework.boot.autoconfigure.transaction.TransactionAutoConfiguration$EnableTransactionManagementConfiguration$CglibAutoProxyConfiguration$$EnhancerBySpringCGLIB$$19588ccf] is not eligible for getting processed by all BeanPostProcessors (for example: not eligible for auto-proxying)
2017-11-14 08:32:02.741  INFO 668 --- [main] trationDelegate$BeanPostProcessorChecker : Bean 'org.springframework.boot.autoconfigure.transaction.TransactionAutoConfiguration$EnableTransactionManagementConfiguration' of type [org.springframework.boot.autoconfigure.transaction.TransactionAutoConfiguration$EnableTransactionManagementConfiguration$$EnhancerBySpringCGLIB$$37e1e75b] is not eligible for getting processed by all BeanPostProcessors (for example: not eligible for auto-proxying)
2017-11-14 08:32:02.747  INFO 668 --- [main] trationDelegate$BeanPostProcessorChecker : Bean 'org.springframework.boot.autoconfigure.transaction.TransactionAutoConfiguration$TransactionTemplateConfiguration' of type [org.springframework.boot.autoconfigure.transaction.TransactionAutoConfiguration$TransactionTemplateConfiguration$$EnhancerBySpringCGLIB$$abfda5e1] is not eligible for getting processed by all BeanPostProcessors (for example: not eligible for auto-proxying)
2017-11-14 08:32:02.758  INFO 668 --- [main] trationDelegate$BeanPostProcessorChecker : Bean 'transactionTemplate' of type [org.springframework.transaction.support.TransactionTemplate] is not eligible for getting processed by all BeanPostProcessors (for example: not eligible for auto-proxying)
2017-11-14 08:32:02.767  INFO 668 --- [main] trationDelegate$BeanPostProcessorChecker : Bean 'characterEncodingFilter' of type [org.springframework.boot.web.filter.OrderedCharacterEncodingFilter] is not eligible for getting processed by all BeanPostProcessors (for example: not eligible for auto-proxying)
2017-11-14 08:32:02.772  INFO 668 --- [main] trationDelegate$BeanPostProcessorChecker : Bean 'multipartResolver' of type [org.springframework.web.multipart.support.StandardServletMultipartResolver] is not eligible for getting processed by all BeanPostProcessors (for example: not eligible for auto-proxying)
2017-11-14 08:32:02.777  INFO 668 --- [main] trationDelegate$BeanPostProcessorChecker : Bean 'org.springframework.boot.autoconfigure.web.WebClientAutoConfiguration$RestTemplateConfiguration' of type [org.springframework.boot.autoconfigure.web.WebClientAutoConfiguration$RestTemplateConfiguration$$EnhancerBySpringCGLIB$$b4a2bfb6] is not eligible for getting processed by all BeanPostProcessors (for example: not eligible for auto-proxying)
2017-11-14 08:32:02.812  INFO 668 --- [main] trationDelegate$BeanPostProcessorChecker : Bean 'restTemplateBuilder' of type [org.springframework.boot.web.client.RestTemplateBuilder] is not eligible for getting processed by all BeanPostProcessors (for example: not eligible for auto-proxying)
2017-11-14 08:32:02.816  INFO 668 --- [main] trationDelegate$BeanPostProcessorChecker : Bean 'org.springframework.boot.autoconfigure.web.WebClientAutoConfiguration' of type [org.springframework.boot.autoconfigure.web.WebClientAutoConfiguration$$EnhancerBySpringCGLIB$$be126d52] is not eligible for getting processed by all BeanPostProcessors (for example: not eligible for auto-proxying)
2017-11-14 08:32:03.082  INFO 668 --- [main] c.g.order.service.OrderServiceImplTest   : Started OrderServiceImplTest in 12.386 seconds (JVM running for 15.972)
2017-11-14 08:32:03.146  INFO 668 --- [main] trationDelegate$BeanPostProcessorChecker : Bean 'com.gaoxi.order.service.OrderServiceImplTest' of type [com.gaoxi.order.service.OrderServiceImplTest] is not eligible for getting processed by all BeanPostProcessors (for example: not eligible for auto-proxying)
2017-11-14 08:32:03.399  INFO 668 --- [DubboShutdownHook] com.alibaba.dubbo.config.AbstractConfig  :  [DUBBO] Run shutdown hook now., dubbo version: 2.5.3, current host: 192.168.1.128
2017-11-14 08:32:03.399  INFO 668 --- [Thread-2] o.s.w.c.s.GenericWebApplicationContext   : Closing org.springframework.web.context.support.GenericWebApplicationContext@29e495ff: startup date [Tue Nov 14 08:31:52 CST 2017]; root of context hierarchy
2017-11-14 08:32:03.400  INFO 668 --- [DubboShutdownHook] c.a.d.r.support.AbstractRegistryFactory  :  [DUBBO] Close all registries [], dubbo version: 2.5.3, current host: 192.168.1.128
2017-11-14 08:32:03.400  INFO 668 --- [DubboShutdownHook] c.a.d.rpc.protocol.dubbo.DubboProtocol   :  [DUBBO] Close dubbo connect: 192.168.1.128:0-->/0.0.0.0:9090, dubbo version: 2.5.3, current host: 192.168.1.128
2017-11-14 08:32:03.401  INFO 668 --- [DubboShutdownHook] c.a.d.rpc.protocol.dubbo.DubboProtocol   :  [DUBBO] Close dubbo connect: 192.168.1.128:0-->0.0.0.0:9090, dubbo version: 2.5.3, current host: 192.168.1.128
2017-11-14 08:32:03.402  INFO 668 --- [DubboShutdownHook] c.a.d.rpc.protocol.dubbo.DubboProtocol   :  [DUBBO] Destroy reference: dubbo://0.0.0.0:9090/com.alibaba.dubbo.registry.RegistryService?application=order-provider&callbacks=10000&check=false&connect.timeout=10000&dubbo=2.5.3&interface=com.alibaba.dubbo.registry.RegistryService&lazy=true&methods=lookup,subscribe,unsubscribe,unregister,register&pid=668&reconnect=false&register=false&sticky=true&subscribe.1.callback=true&timeout=10000&timestamp=1510619519502&unsubscribe.1.callback=false, dubbo version: 2.5.3, current host: 192.168.1.128
